
 NX   Running target build for project web and 5 tasks it depends on:



> nx run contracts:build  [existing outputs match the cache, left as is]


> nx run assets:build  [existing outputs match the cache, left as is]


> nx run utils:build  [existing outputs match the cache, left as is]


> nx run domain-client:build  [existing outputs match the cache, left as is]


> nx run ui:build  [existing outputs match the cache, left as is]


> nx run web:build

> pnpm build


> @dailyuse/web@0.1.0 build D:\myPrograms\DailyUse\apps\web
> vue-tsc --noEmit && vite build

src/App.vue(168,5): error TS2304: Cannot find name 'snackbarStore'.
src/App.vue(188,3): error TS2304: Cannot find name 'snackbarStore'.
src/App.vue(228,13): error TS2304: Cannot find name 'snackbarStore'.
src/App.vue(263,3): error TS2304: Cannot find name 'snackbarStore'.
src/App.vue(268,5): error TS2304: Cannot find name 'snackbarStore'.
src/App.vue(276,5): error TS2304: Cannot find name 'snackbarStore'.
src/modules/account/presentation/components/RegistrationWindow.vue(160,9): error TS2304: Cannot find name 'showSuccess'.
src/modules/ai/application/services/AIConversationApplicationService.ts(2,15): error TS2305: Module '"@dailyuse/contracts"' has no exported member 'ConversationDto'.
src/modules/ai/presentation/components/chat/AIGoalGenerateDialog.vue(351,9): error TS2339: Property 'showSuccess' does not exist on type '{ snackbar: Ref<{ visible: boolean; message: string; color: string; timeout: number; }, SnackbarState | { visible: boolean; message: string; color: string; timeout: number; }>; ... 11 more ...; handleDialogCancel: () => void; }'.
src/modules/ai/presentation/components/chat/AIGoalGenerateDialog.vue(351,22): error TS2339: Property 'showError' does not exist on type '{ snackbar: Ref<{ visible: boolean; message: string; color: string; timeout: number; }, SnackbarState | { visible: boolean; message: string; color: string; timeout: number; }>; ... 11 more ...; handleDialogCancel: () => void; }'.
src/modules/ai/presentation/components/chat/AIGoalGenerateDialog.vue(473,7): error TS2304: Cannot find name 'message'.
src/modules/ai/presentation/components/chat/AIGoalGenerateDialog.vue(486,7): error TS2304: Cannot find name 'message'.
src/modules/ai/presentation/components/chat/AIGoalGenerateDialog.vue(497,5): error TS2304: Cannot find name 'message'.
src/modules/ai/presentation/components/chat/AIKnowledgeDocQuickDialog.vue(42,9): error TS2339: Property 'showError' does not exist on type '{ snackbar: Ref<{ visible: boolean; message: string; color: string; timeout: number; }, SnackbarState | { visible: boolean; message: string; color: string; timeout: number; }>; ... 11 more ...; handleDialogCancel: () => void; }'.
src/modules/ai/presentation/components/chat/AIKnowledgeDocQuickDialog.vue(42,20): error TS2339: Property 'showSuccess' does not exist on type '{ snackbar: Ref<{ visible: boolean; message: string; color: string; timeout: number; }, SnackbarState | { visible: boolean; message: string; color: string; timeout: number; }>; ... 11 more ...; handleDialogCancel: () => void; }'.
src/modules/ai/presentation/components/chat/AIKnowledgeDocQuickDialog.vue(45,199): error TS2304: Cannot find name 'message'.
src/modules/ai/presentation/components/chat/AIKnowledgeDocQuickDialog.vue(45,461): error TS2304: Cannot find name 'message'.
src/modules/ai/presentation/components/chat/AITasksQuickDialog.vue(54,9): error TS2339: Property 'showError' does not exist on type '{ snackbar: Ref<{ visible: boolean; message: string; color: string; timeout: number; }, SnackbarState | { visible: boolean; message: string; color: string; timeout: number; }>; ... 11 more ...; handleDialogCancel: () => void; }'.
src/modules/ai/presentation/components/chat/AITasksQuickDialog.vue(54,20): error TS2339: Property 'showSuccess' does not exist on type '{ snackbar: Ref<{ visible: boolean; message: string; color: string; timeout: number; }, SnackbarState | { visible: boolean; message: string; color: string; timeout: number; }>; ... 11 more ...; handleDialogCancel: () => void; }'.
src/modules/ai/presentation/components/chat/AITasksQuickDialog.vue(57,345): error TS2304: Cannot find name 'message'.
src/modules/ai/presentation/components/chat/AITasksQuickDialog.vue(57,655): error TS2304: Cannot find name 'message'.
src/modules/ai/presentation/components/summarizer/SummaryDisplay.vue(101,36): error TS2307: Cannot find module '../types/summarization' or its corresponding type declarations.
src/modules/ai/presentation/composables/useAIProviders.ts(87,17): error TS2345: Argument of type 'string | null' is not assignable to parameter of type 'string'.
  Type 'null' is not assignable to type 'string'.
src/modules/ai/presentation/composables/useAIProviders.ts(110,17): error TS2345: Argument of type 'string | null' is not assignable to parameter of type 'string'.
  Type 'null' is not assignable to type 'string'.
src/modules/ai/presentation/composables/useAIProviders.ts(134,17): error TS2345: Argument of type 'string | null' is not assignable to parameter of type 'string'.
  Type 'null' is not assignable to type 'string'.
src/modules/ai/presentation/composables/useAIProviders.ts(155,17): error TS2345: Argument of type 'string | null' is not assignable to parameter of type 'string'.
  Type 'null' is not assignable to type 'string'.
src/modules/ai/presentation/composables/useAIProviders.ts(202,17): error TS2345: Argument of type 'string | null' is not assignable to parameter of type 'string'.
  Type 'null' is not assignable to type 'string'.
src/modules/dashboard/presentation/components/WidgetSettingsPanel.vue(34,49): error TS2345: Argument of type 'string | undefined' is not assignable to parameter of type 'string'.
  Type 'undefined' is not assignable to type 'string'.
src/modules/dashboard/presentation/components/WidgetSettingsPanel.vue(42,68): error TS2345: Argument of type 'boolean | null' is not assignable to parameter of type 'boolean'.
  Type 'null' is not assignable to type 'boolean'.
src/modules/editor/presentation/components/EditorContainer.vue(54,29): error TS2614: Module '"./EditorTabBar.vue"' has no exported member 'EditorTab'. Did you mean to use 'import EditorTab from "./EditorTabBar.vue"' instead?
src/modules/editor/presentation/components/EditorContainer.vue(98,27): error TS7006: Parameter 'tab' implicitly has an 'any' type.
src/modules/editor/presentation/components/EditorContainer.vue(112,40): error TS7006: Parameter 'tab' implicitly has an 'any' type.
src/modules/editor/presentation/components/EditorContainer.vue(139,39): error TS7006: Parameter 'tab' implicitly has an 'any' type.
src/modules/editor/presentation/components/EditorContainer.vue(170,40): error TS7006: Parameter 'tab' implicitly has an 'any' type.
src/modules/editor/presentation/components/EditorContainer.vue(223,40): error TS7006: Parameter 'tab' implicitly has an 'any' type.
src/modules/editor/presentation/components/EditorContainer.vue(224,22): error TS7006: Parameter 'tab' implicitly has an 'any' type.
src/modules/editor/presentation/components/LinkGraphView.vue(161,22): error TS2339: Property 'isCurrent' does not exist on type 'LinkGraphNodeDTO'.
src/modules/editor/presentation/components/LinkGraphView.vue(161,58): error TS2339: Property 'linkCount' does not exist on type 'LinkGraphNodeDTO'.
src/modules/editor/presentation/components/LinkGraphView.vue(161,75): error TS2339: Property 'backlinkCount' does not exist on type 'LinkGraphNodeDTO'.
src/modules/editor/presentation/components/LinkGraphView.vue(162,17): error TS2339: Property 'linkCount' does not exist on type 'LinkGraphNodeDTO'.
src/modules/editor/presentation/components/LinkGraphView.vue(162,34): error TS2339: Property 'backlinkCount' does not exist on type 'LinkGraphNodeDTO'.
src/modules/editor/presentation/components/LinkGraphView.vue(164,19): error TS2339: Property 'isCurrent' does not exist on type 'LinkGraphNodeDTO'.
src/modules/editor/presentation/components/LinkGraphView.vue(174,18): error TS2339: Property 'source' does not exist on type 'LinkGraphEdgeDTO'.
src/modules/editor/presentation/components/LinkGraphView.vue(175,18): error TS2339: Property 'target' does not exist on type 'LinkGraphEdgeDTO'.
src/modules/editor/presentation/components/LinkGraphView.vue(178,23): error TS2339: Property 'linkText' does not exist on type 'LinkGraphEdgeDTO'.
src/modules/editor/presentation/views/EditorView.vue(282,37): error TS2503: Cannot find namespace 'DocumentContracts'.
src/modules/goal/application/services/GoalFolderApplicationService.ts(56,33): error TS2345: Argument of type '(folderData: GoalFolderClientDTO) => GoalFolder' is not assignable to parameter of type '(value: GoalFolderServerDTO | GoalFolderClientDTO, index: number, array: (GoalFolderServerDTO | GoalFolderClientDTO)[]) => GoalFolder'.
  Types of parameters 'folderData' and 'value' are incompatible.
    Type 'GoalFolderServerDTO | GoalFolderClientDTO' is not assignable to type 'GoalFolderClientDTO'.
      Type 'GoalFolderServerDTO' is missing the following properties from type 'GoalFolderClientDTO': displayName, displayIcon, completionRate, isDeleted, activeGoalCount
src/modules/goal/application/services/GoalManagementApplicationService.ts(86,47): error TS2345: Argument of type '(goalData: GoalClientDTO) => Goal' is not assignable to parameter of type '(value: GoalClientDTO | GoalServerDTO, index: number, array: (GoalClientDTO | GoalServerDTO)[]) => Goal'.
  Types of parameters 'goalData' and 'value' are incompatible.
    Type 'GoalClientDTO | GoalServerDTO' is not assignable to type 'GoalClientDTO'.
      Type 'GoalServerDTO' is missing the following properties from type 'GoalClientDTO': overallProgress, isDeleted, isCompleted, isArchived, and 9 more.
src/modules/goal/application/services/GoalManagementApplicationService.ts(192,46): error TS2345: Argument of type '(goalData: GoalClientDTO) => Goal' is not assignable to parameter of type '(value: GoalClientDTO | GoalServerDTO, index: number, array: (GoalClientDTO | GoalServerDTO)[]) => Goal'.
  Types of parameters 'goalData' and 'value' are incompatible.
    Type 'GoalClientDTO | GoalServerDTO' is not assignable to type 'GoalClientDTO'.
      Type 'GoalServerDTO' is missing the following properties from type 'GoalClientDTO': overallProgress, isDeleted, isCompleted, isArchived, and 9 more.
src/modules/goal/application/services/GoalSyncApplicationService.ts(159,50): error TS2345: Argument of type '(goalData: GoalClientDTO) => Goal' is not assignable to parameter of type '(value: GoalClientDTO | GoalServerDTO, index: number, array: (GoalClientDTO | GoalServerDTO)[]) => Goal'.
  Types of parameters 'goalData' and 'value' are incompatible.
    Type 'GoalClientDTO | GoalServerDTO' is not assignable to type 'GoalClientDTO'.
      Type 'GoalServerDTO' is missing the following properties from type 'GoalClientDTO': overallProgress, isDeleted, isCompleted, isArchived, and 9 more.
src/modules/goal/initialization/index.ts(98,54): error TS2339: Property 'folders' does not exist on type 'GoalFolder[]'.
src/modules/goal/presentation/components/ActivateFocusModeDialog.vue(235,7): error TS2353: Object literal may only specify known properties, and 'startTime' does not exist in type 'ActivateFocusModeRequest'.
src/modules/goal/presentation/components/ActivateFocusModeDialog.vue(267,5): error TS2322: Type '"hide_all"' is not assignable to type 'HiddenGoalsMode'.
src/modules/goal/presentation/components/dag/GoalDAGVisualization.vue(622,3): error TS2448: Block-scoped variable 'retryLoad' used before its declaration.
src/modules/goal/presentation/components/dag/GoalDAGVisualization.vue(622,3): error TS2454: Variable 'retryLoad' is used before being assigned.
src/modules/goal/presentation/components/demos/GoalReviewCardDemo.vue(59,20): error TS2322: Type 'string | null | undefined' is not assignable to type 'string | undefined'.
  Type 'null' is not assignable to type 'string | undefined'.
src/modules/goal/presentation/components/demos/GoalReviewCardDemo.vue(63,65): error TS2339: Property 'name' does not exist on type '{ readonly uuid: string; readonly accountUuid: string; readonly title: string; readonly description: string | null | undefined; readonly color: string | null | undefined; readonly feasibilityAnalysis: string | ... 1 more ... | undefined; ... 99 more ...; equals: (other: Entity) => boolean; }'.
src/modules/goal/presentation/components/demos/GoalReviewCardDemo.vue(74,36): error TS2339: Property 'startTime' does not exist on type '{ readonly uuid: string; readonly accountUuid: string; readonly title: string; readonly description: string | null | undefined; readonly color: string | null | undefined; readonly feasibilityAnalysis: string | ... 1 more ... | undefined; ... 99 more ...; equals: (other: Entity) => boolean; }'.
src/modules/goal/presentation/components/demos/GoalReviewCardDemo.vue(75,36): error TS2339: Property 'endTime' does not exist on type '{ readonly uuid: string; readonly accountUuid: string; readonly title: string; readonly description: string | null | undefined; readonly color: string | null | undefined; readonly feasibilityAnalysis: string | ... 1 more ... | undefined; ... 99 more ...; equals: (other: Entity) => boolean; }'.
src/modules/goal/presentation/components/demos/GoalReviewCardDemo.vue(103,42): error TS2740: Type '{ readonly uuid: string; readonly accountUuid: string; readonly title: string; readonly description: string | null | undefined; readonly color: string | null | undefined; readonly feasibilityAnalysis: string | ... 1 more ... | undefined; ... 99 more ...; equals: (other: Entity) => boolean; }' is missing the following properties from type 'Goal': _accountUuid, _title, _status, _importance, and 13 more.
src/modules/goal/presentation/components/dialogs/GoalRecordDialog.vue(192,42): error TS2339: Property 'changeAmount' does not exist on type '{ readonly uuid: string; readonly keyResultUuid: string; readonly goalUuid: string; readonly value: number; readonly calculatedCurrentValue: number | undefined; readonly note: string | null | undefined; ... 10 more ...; equals: (other: Entity) => boolean; }'.
src/modules/goal/presentation/components/FocusModeStatusBar.vue(111,43): error TS2551: Property 'focusedGoals' does not exist on type '{ uuid: string; accountUuid: string; focusedGoalUuids: string[]; startTime: number; endTime: number; isActive: boolean; remainingDays: number; hiddenGoalsMode: HiddenGoalsMode; }'. Did you mean 'focusedGoalUuids'?
src/modules/goal/presentation/components/weight-snapshot/WeightSnapshotList.vue(13,21): error TS2322: Type 'string' is not assignable to type '"all" | "7d" | "30d" | "90d"'.
src/modules/goal/presentation/components/weight-snapshot/WeightTrendChart.vue(13,39): error TS2345: Argument of type 'string' is not assignable to parameter of type '"7d" | "30d" | "90d" | "180d"'.
src/modules/goal/presentation/components/weight/WeightSuggestionPanel.vue(164,69): error TS2345: Argument of type 'KeyResultClient[]' is not assignable to parameter of type 'KeyResult[]'.
  Type 'KeyResultClient' is missing the following properties from type 'KeyResult': _goalUuid, _title, _progress, _weight, and 18 more.
src/modules/goal/presentation/views/GoalListView.vue(44,35): error TS4104: The type 'readonly any[]' is 'readonly' and cannot be assigned to the mutable type 'GoalFolder[]'.
src/modules/goal/presentation/views/KeyResultDetailView.vue(233,64): error TS2322: Type 'string | null | undefined' is not assignable to type 'string | undefined'.
  Type 'null' is not assignable to type 'string | undefined'.
src/modules/goal/presentation/views/KeyResultDetailView.vue(235,34): error TS2339: Property 'accountUuid' does not exist on type 'Store<"auth", Pick<{ accessToken: Ref<string | null, string | null>; refreshToken: Ref<string | null, string | null>; tokenExpiresAt: Ref<number | null, number | null>; ... 39 more ...; restoreFromStorage: () => void; }, "isLoading" | ... 11 more ... | "rememberedIdentifier">, Pick<...>, Pick<...>>'.
src/modules/goal/presentation/widgets/GoalTimelineWidget.vue(47,44): error TS2339: Property 'IN_PROGRESS' does not exist on type 'typeof GoalStatus'.
src/modules/goal/presentation/widgets/GoalTimelineWidget.vue(63,61): error TS7006: Parameter 'kr' implicitly has an 'any' type.
src/modules/repository/presentation/components/dialogs/RepoDialog.vue(323,13): error TS2322: Type '{}' is not assignable to type 'boolean'.
src/modules/repository/presentation/components/dialogs/RepositoryManagementDialog.vue(143,10): error TS2724: '"@/modules/repository/application/services/RepositoryManagementApplicationService"' has no exported member named 'repositoryManagementApplicationService'. Did you mean 'RepositoryManagementApplicationService'?
src/modules/repository/presentation/components/FileExplorer.vue(161,25): error TS2345: Argument of type 'FolderClientDTO[]' is not assignable to parameter of type 'Folder[]'.
  Type 'FolderClientDTO' is missing the following properties from type 'Folder': _repositoryUuid, _parentUuid, _name, _path, and 14 more.
src/modules/repository/presentation/components/FileExplorer.vue(283,27): error TS2769: No overload matches this call.
  The last overload gave the following error.
    Argument of type 'FolderClientDTO | null' is not assignable to parameter of type 'Folder | null'.
      Type 'FolderClientDTO' is missing the following properties from type 'Folder': _repositoryUuid, _parentUuid, _name, _path, and 14 more.
src/modules/repository/presentation/components/TreeNodeItem.vue(58,30): error TS2769: No overload matches this call.
  The last overload gave the following error.
    Argument of type '"context-menu"' is not assignable to parameter of type '"contextMenu"'.
src/modules/repository/presentation/components/TreeNodeItem.vue(171,8): error TS2769: No overload matches this call.
  The last overload gave the following error.
    Argument of type '"context-menu"' is not assignable to parameter of type '"contextMenu"'.
src/modules/repository/presentation/views/RepositoryPage.vue(186,46): error TS2307: Cannot find module '../application/services/repositoryApplicationService' or its corresponding type declarations.
src/modules/repository/presentation/views/RepositoryView.vue(274,8): error TS2322: Type '(data: { folderUuid: string; resourceUuid: string; }) => void' is not assignable to type '(data: { folderUuid?: string | undefined; resourceUuid: string; }) => any'.
  Types of parameters 'data' and 'data' are incompatible.
    Type '{ folderUuid?: string | undefined; resourceUuid: string; }' is not assignable to type '{ folderUuid: string; resourceUuid: string; }'.
      Types of property 'folderUuid' are incompatible.
        Type 'string | undefined' is not assignable to type 'string'.
          Type 'undefined' is not assignable to type 'string'.
src/modules/schedule/presentation/components/ScheduleTaskDetailDialog.vue(217,41): error TS2339: Property 'errorMessage' does not exist on type 'ScheduleExecutionClientDTO'.
src/modules/schedule/presentation/components/ScheduleTaskDetailDialog.vue(218,34): error TS2339: Property 'errorMessage' does not exist on type 'ScheduleExecutionClientDTO'.
src/modules/schedule/presentation/views/ScheduleDashboardView.vue(45,16): error TS2322: Type '{ readonly uuid: string; readonly accountUuid: string; readonly name: string; readonly description: string | null; readonly sourceModule: SourceModule; readonly sourceEntityId: string; ... 43 more ...; equals: (other: Entity) => boolean; }[]' is not assignable to type 'ScheduleTask[]'.
  Type '{ readonly uuid: string; readonly accountUuid: string; readonly name: string; readonly description: string | null; readonly sourceModule: SourceModule; readonly sourceEntityId: string; ... 43 more ...; equals: (other: Entity) => boolean; }' is missing the following properties from type 'ScheduleTask': _accountUuid, _name, _description, _sourceModule, and 14 more.
src/modules/schedule/presentation/views/ScheduleDashboardView.vue(56,16): error TS2322: Type '{ readonly uuid: string; readonly accountUuid: string; readonly name: string; readonly description: string | null; readonly sourceModule: SourceModule; readonly sourceEntityId: string; ... 43 more ...; equals: (other: Entity) => boolean; }[]' is not assignable to type 'ScheduleTask[]'.
  Type '{ readonly uuid: string; readonly accountUuid: string; readonly name: string; readonly description: string | null; readonly sourceModule: SourceModule; readonly sourceEntityId: string; ... 43 more ...; equals: (other: Entity) => boolean; }' is missing the following properties from type 'ScheduleTask': _accountUuid, _name, _description, _sourceModule, and 14 more.
src/modules/schedule/presentation/views/ScheduleDashboardView.vue(67,16): error TS2322: Type '{ readonly uuid: string; readonly accountUuid: string; readonly name: string; readonly description: string | null; readonly sourceModule: SourceModule; readonly sourceEntityId: string; ... 43 more ...; equals: (other: Entity) => boolean; }[]' is not assignable to type 'ScheduleTask[]'.
  Type '{ readonly uuid: string; readonly accountUuid: string; readonly name: string; readonly description: string | null; readonly sourceModule: SourceModule; readonly sourceEntityId: string; ... 43 more ...; equals: (other: Entity) => boolean; }' is missing the following properties from type 'ScheduleTask': _accountUuid, _name, _description, _sourceModule, and 14 more.
src/modules/schedule/presentation/views/ScheduleDashboardView.vue(80,16): error TS2322: Type '{ uuid: string; accountUuid: string; totalTasks: number; activeTasks: number; pausedTasks: number; completedTasks: number; cancelledTasks: number; failedTasks: number; totalExecutions: number; ... 14 more ...; healthStatus: string; } | null' is not assignable to type 'ScheduleStatisticsServerDTO | null'.
  Type '{ uuid: string; accountUuid: string; totalTasks: number; activeTasks: number; pausedTasks: number; completedTasks: number; cancelledTasks: number; failedTasks: number; totalExecutions: number; ... 14 more ...; healthStatus: string; }' is not assignable to type 'ScheduleStatisticsServerDTO'.
    Types of property 'moduleStatistics' are incompatible.
      Type 'Record<string, ModuleStatisticsClientDTO>' is not assignable to type 'Record<string, ModuleStatisticsServerDTO>'.
        'string' index signatures are incompatible.
          Type 'ModuleStatisticsClientDTO' is missing the following properties from type 'ModuleStatisticsServerDTO': successfulExecutions, failedExecutions
src/modules/schedule/presentation/views/ScheduleDashboardView.vue(81,16): error TS2322: Type '{ reminder: { moduleName: string; totalTasks: number; activeTasks: number; totalExecutions: number; successRate: number; avgDuration: number; moduleDisplayName: string; successRateFormatted: string; successRateColor: string; avgDurationFormatted: string; activeTasksRatio: string; }; ... 4 more ...; custom: { ...; };...' is not assignable to type 'Record<SourceModule, ModuleStatisticsServerDTO> | null | undefined'.
  Type '{ reminder: { moduleName: string; totalTasks: number; activeTasks: number; totalExecutions: number; successRate: number; avgDuration: number; moduleDisplayName: string; successRateFormatted: string; successRateColor: string; avgDurationFormatted: string; activeTasksRatio: string; }; ... 4 more ...; custom: { ...; }; }' is not assignable to type 'Record<SourceModule, ModuleStatisticsServerDTO>'.
    Types of property 'reminder' are incompatible.
      Type '{ moduleName: string; totalTasks: number; activeTasks: number; totalExecutions: number; successRate: number; avgDuration: number; moduleDisplayName: string; successRateFormatted: string; successRateColor: string; avgDurationFormatted: string; activeTasksRatio: string; }' is missing the following properties from type 'ModuleStatisticsServerDTO': successfulExecutions, failedExecutions
src/modules/setting/presentation/components/EditorSettings.vue(95,16): error TS2322: Type '(value: boolean) => void' is not assignable to type '(value: boolean | null) => void'.
  Types of parameters 'value' and 'value' are incompatible.
    Type 'boolean | null' is not assignable to type 'boolean'.
      Type 'null' is not assignable to type 'boolean'.
src/modules/setting/presentation/components/EditorSettings.vue(112,16): error TS2322: Type '(value: boolean) => void' is not assignable to type '(value: boolean | null) => void'.
  Types of parameters 'value' and 'value' are incompatible.
    Type 'boolean | null' is not assignable to type 'boolean'.
      Type 'null' is not assignable to type 'boolean'.
src/modules/setting/presentation/components/EditorSettings.vue(186,16): error TS2322: Type '(value: boolean) => void' is not assignable to type '(value: boolean | null) => void'.
  Types of parameters 'value' and 'value' are incompatible.
    Type 'boolean | null' is not assignable to type 'boolean'.
      Type 'null' is not assignable to type 'boolean'.
src/modules/setting/presentation/components/EditorSettings.vue(203,16): error TS2322: Type '(value: boolean) => void' is not assignable to type '(value: boolean | null) => void'.
  Types of parameters 'value' and 'value' are incompatible.
    Type 'boolean | null' is not assignable to type 'boolean'.
      Type 'null' is not assignable to type 'boolean'.
src/modules/task/presentation/components/TaskTemplateForm/sections/RecurrenceSection.vue(85,42): error TS2305: Module '"@dailyuse/contracts/task"' has no exported member 'RECURRENCE_RULE_DEFAULTS'.
[41m[30méˆ¥å¡ƒLIFECYCLEéˆ¥?[39m[49m [31mCommand failed with exit code 1.[39m



 NX   Running target build for project web and 5 tasks it depends on failed

Failed tasks:

- web:build

Hint: run the command with --verbose for more details.

View structured, searchable error logs at https://nx.app/runs/vCszx2jR1l

Warning: command "pnpm build" exited with non-zero status code
