src/modules/dashboard/presentation/components/WidgetSettingsPanel.vue(34,49): error TS2345: Argument of type 'string | undefined' is not assignable to parameter of type 'string'.
  Type 'undefined' is not assignable to type 'string'.
src/modules/dashboard/presentation/components/WidgetSettingsPanel.vue(42,68): error TS2345: Argument of type 'boolean | null' is not assignable to parameter of type 'boolean'.
  Type 'null' is not assignable to type 'boolean'.
src/modules/dashboard/presentation/components/WidgetSettingsPanel.vue(187,5): error TS2322: Type '{ visible: boolean; order: number; size: WidgetSize; }' is not assignable to type 'WidgetConfigDTO'.
  Types of property 'size' are incompatible.
    Type 'import("D:/myPrograms/DailyUse/apps/web/src/modules/dashboard/infrastructure/types/WidgetMetadata").WidgetSize' is not assignable to type 'import("D:/myPrograms/DailyUse/packages/contracts/dist/modules/dashboard/index").WidgetSize'.
      Type '"small"' is not assignable to type 'WidgetSize'.
src/modules/dashboard/presentation/components/WidgetSettingsPanel.vue(207,9): error TS2322: Type 'import("D:/myPrograms/DailyUse/apps/web/src/modules/dashboard/infrastructure/types/WidgetMetadata").WidgetSize' is not assignable to type 'import("D:/myPrograms/DailyUse/packages/contracts/dist/modules/dashboard/index").WidgetSize'.
  Type '"small"' is not assignable to type 'WidgetSize'.
src/modules/dashboard/presentation/components/WidgetSettingsPanel.vue(222,9): error TS2322: Type 'import("D:/myPrograms/DailyUse/apps/web/src/modules/dashboard/infrastructure/types/WidgetMetadata").WidgetSize' is not assignable to type 'import("D:/myPrograms/DailyUse/packages/contracts/dist/modules/dashboard/index").WidgetSize'.
  Type '"small"' is not assignable to type 'WidgetSize'.
src/modules/document/components/DocumentCard.vue(67,22): error TS2339: Property 'PENDING' does not exist on type 'typeof IndexStatus'.
src/modules/document/components/DocumentCard.vue(76,22): error TS2339: Property 'PENDING' does not exist on type 'typeof IndexStatus'.
src/modules/document/presentation/components/VersionHistoryList.vue(128,9): error TS2740: Type '{ [x: number]: string; restore: string; }' is missing the following properties from type 'Record<VersionChangeType, string>': create, edit, delete, rename, and 2 more.
src/modules/document/presentation/components/VersionHistoryList.vue(129,24): error TS2339: Property 'INITIAL' does not exist on type 'typeof VersionChangeType'.
src/modules/document/presentation/components/VersionHistoryList.vue(130,24): error TS2339: Property 'MAJOR' does not exist on type 'typeof VersionChangeType'.
src/modules/document/presentation/components/VersionHistoryList.vue(131,24): error TS2339: Property 'MINOR' does not exist on type 'typeof VersionChangeType'.
src/modules/document/presentation/components/VersionHistoryList.vue(132,24): error TS2339: Property 'PATCH' does not exist on type 'typeof VersionChangeType'.
src/modules/document/presentation/components/VersionHistoryList.vue(139,9): error TS2740: Type '{ [x: number]: string; restore: string; }' is missing the following properties from type 'Record<VersionChangeType, string>': create, edit, delete, rename, and 2 more.
src/modules/document/presentation/components/VersionHistoryList.vue(140,24): error TS2339: Property 'INITIAL' does not exist on type 'typeof VersionChangeType'.
src/modules/document/presentation/components/VersionHistoryList.vue(141,24): error TS2339: Property 'MAJOR' does not exist on type 'typeof VersionChangeType'.
src/modules/document/presentation/components/VersionHistoryList.vue(142,24): error TS2339: Property 'MINOR' does not exist on type 'typeof VersionChangeType'.
src/modules/document/presentation/components/VersionHistoryList.vue(143,24): error TS2339: Property 'PATCH' does not exist on type 'typeof VersionChangeType'.
src/modules/document/presentation/views/DocumentDetailView.vue(105,16): error TS2322: Type 'number | undefined' is not assignable to type 'number'.
  Type 'undefined' is not assignable to type 'number'.
src/modules/document/presentation/views/DocumentDetailView.vue(106,16): error TS2322: Type 'boolean | undefined' is not assignable to type 'boolean'.
  Type 'undefined' is not assignable to type 'boolean'.
src/modules/document/presentation/views/DocumentDetailView.vue(107,16): error TS2322: Type 'boolean | undefined' is not assignable to type 'boolean'.
  Type 'undefined' is not assignable to type 'boolean'.
src/modules/document/presentation/views/DocumentDetailView.vue(108,16): error TS2322: Type 'boolean | undefined' is not assignable to type 'boolean'.
  Type 'undefined' is not assignable to type 'boolean'.
src/modules/document/presentation/views/DocumentDetailView.vue(327,38): error TS2339: Property 'length' does not exist on type 'Ref<any, any>'.
src/modules/document/presentation/views/DocumentDetailView.vue(330,25): error TS7053: Element implicitly has an 'any' type because expression of type '0' can't be used to index type 'Ref<any, any>'.
  Property '0' does not exist on type 'Ref<any, any>'.
src/modules/document/presentation/views/DocumentDetailWithVersions.vue(8,32): error TS2339: Property 'title' does not exist on type '{ uuid: string; workspaceUuid: string; accountUuid: string; path: string; name: string; language: DocumentLanguage; content: string; contentHash: string; metadata: { tags: string[]; ... 5 more ...; readingTimeFormatted?: string | ... 1 more ... | undefined; }; ... 8 more ...; formattedUpdatedAt: string; }'.
src/modules/document/presentation/views/DocumentDetailWithVersions.vue(16,20): error TS2322: Type 'Ref<number, number>' is not assignable to type 'string | number | undefined'.
src/modules/document/presentation/views/DocumentDetailWithVersions.vue(18,33): error TS2365: Operator '>' cannot be applied to types 'Ref<number, number>' and 'number'.
src/modules/document/presentation/views/DocumentDetailWithVersions.vue(43,12): error TS2740: Type 'Ref<any, any>' is missing the following properties from type 'DocumentVersionClientDTO[]': length, pop, push, concat, and 29 more.
src/modules/document/presentation/views/DocumentDetailWithVersions.vue(44,12): error TS2322: Type 'Ref<number, number>' is not assignable to type 'number'.
src/modules/document/presentation/views/DocumentDetailWithVersions.vue(45,12): error TS2322: Type 'Ref<boolean, boolean>' is not assignable to type 'boolean'.
src/modules/document/presentation/views/DocumentDetailWithVersions.vue(46,12): error TS2322: Type 'ComputedRef<boolean>' is not assignable to type 'boolean'.
src/modules/document/presentation/views/DocumentDetailWithVersions.vue(47,12): error TS2322: Type 'ComputedRef<boolean>' is not assignable to type 'boolean'.
src/modules/document/presentation/views/DocumentDetailWithVersions.vue(85,14): error TS2322: Type 'Ref<boolean, boolean>' is not assignable to type 'string | boolean | undefined'.
src/modules/document/presentation/views/DocumentDetailWithVersions.vue(200,5): error TS2322: Type '"markdown"' is not assignable to type 'DocumentLanguage'.
src/modules/document/presentation/views/DocumentDetailWithVersions.vue(204,5): error TS2322: Type '"pending"' is not assignable to type 'IndexStatus'.
src/modules/editor/presentation/components/BacklinkPanel.vue(86,10): error TS1484: 'DocumentContracts' is a type and must be imported using a type-only import when 'verbatimModuleSyntax' is enabled.
src/modules/editor/presentation/components/EditorContainer.vue(28,11): error TS2322: Type 'string | undefined' is not assignable to type 'string'.
  Type 'undefined' is not assignable to type 'string'.
src/modules/editor/presentation/components/LinkGraphView.vue(65,10): error TS1484: 'DocumentContracts' is a type and must be imported using a type-only import when 'verbatimModuleSyntax' is enabled.
src/modules/editor/presentation/components/LinkSuggestion.vue(33,18): error TS2339: Property 'title' does not exist on type '{ uuid: string; workspaceUuid: string; accountUuid: string; path: string; name: string; language: DocumentLanguage; content: string; contentHash: string; metadata: { tags: string[]; ... 5 more ...; readingTimeFormatted?: string | ... 1 more ... | undefined; }; ... 8 more ...; formattedUpdatedAt: string; }'.
src/modules/editor/presentation/components/LinkSuggestion.vue(37,18): error TS2339: Property 'folderPath' does not exist on type '{ uuid: string; workspaceUuid: string; accountUuid: string; path: string; name: string; language: DocumentLanguage; content: string; contentHash: string; metadata: { tags: string[]; ... 5 more ...; readingTimeFormatted?: string | ... 1 more ... | undefined; }; ... 8 more ...; formattedUpdatedAt: string; }'.
src/modules/editor/presentation/components/LinkSuggestion.vue(38,29): error TS2339: Property 'tags' does not exist on type '{ uuid: string; workspaceUuid: string; accountUuid: string; path: string; name: string; language: DocumentLanguage; content: string; contentHash: string; metadata: { tags: string[]; ... 5 more ...; readingTimeFormatted?: string | ... 1 more ... | undefined; }; ... 8 more ...; formattedUpdatedAt: string; }'.
src/modules/editor/presentation/components/LinkSuggestion.vue(39,20): error TS2339: Property 'tags' does not exist on type '{ uuid: string; workspaceUuid: string; accountUuid: string; path: string; name: string; language: DocumentLanguage; content: string; contentHash: string; metadata: { tags: string[]; ... 5 more ...; readingTimeFormatted?: string | ... 1 more ... | undefined; }; ... 8 more ...; formattedUpdatedAt: string; }'.
src/modules/editor/presentation/components/LinkSuggestion.vue(103,9): error TS2339: Property 'title' does not exist on type '{ uuid: string; workspaceUuid: string; accountUuid: string; path: string; name: string; language: DocumentLanguage; content: string; contentHash: string; metadata: { tags: string[]; ... 5 more ...; readingTimeFormatted?: string | ... 1 more ... | undefined; }; ... 8 more ...; formattedUpdatedAt: string; }'.
src/modules/editor/presentation/components/LinkSuggestion.vue(104,9): error TS2339: Property 'folderPath' does not exist on type '{ uuid: string; workspaceUuid: string; accountUuid: string; path: string; name: string; language: DocumentLanguage; content: string; contentHash: string; metadata: { tags: string[]; ... 5 more ...; readingTimeFormatted?: string | ... 1 more ... | undefined; }; ... 8 more ...; formattedUpdatedAt: string; }'.
src/modules/editor/presentation/components/LinkSuggestion.vue(105,9): error TS2339: Property 'tags' does not exist on type '{ uuid: string; workspaceUuid: string; accountUuid: string; path: string; name: string; language: DocumentLanguage; content: string; contentHash: string; metadata: { tags: string[]; ... 5 more ...; readingTimeFormatted?: string | ... 1 more ... | undefined; }; ... 8 more ...; formattedUpdatedAt: string; }'.
src/modules/editor/presentation/components/LinkSuggestion.vue(105,20): error TS7006: Parameter 'tag' implicitly has an 'any' type.
src/modules/editor/presentation/views/EditorView.vue(54,16): error TS2322: Type '(document: DocumentClientDTO) => void' is not assignable to type '(document: DocumentClientDTO | null) => any'.
  Types of parameters 'document' and 'document' are incompatible.
    Type 'DocumentClientDTO | null' is not assignable to type 'DocumentClientDTO'.
      Type 'null' is not assignable to type 'DocumentClientDTO'.
src/modules/editor/presentation/views/EditorView.vue(151,10): error TS1484: 'DocumentContracts' is a type and must be imported using a type-only import when 'verbatimModuleSyntax' is enabled.
src/modules/editor/presentation/views/EditorView.vue(285,34): error TS2339: Property 'name' does not exist on type 'DocumentClientDTO'.
src/modules/goal/presentation/components/ActivateFocusModeDialog.vue(235,7): error TS2353: Object literal may only specify known properties, and 'startTime' does not exist in type 'ActivateFocusModeRequest'.
src/modules/goal/presentation/components/ActivateFocusModeDialog.vue(267,5): error TS2322: Type '"hide_all"' is not assignable to type 'HiddenGoalsMode'.
src/modules/goal/presentation/components/demos/GoalReviewCardDemo.vue(59,20): error TS2322: Type 'string | null | undefined' is not assignable to type 'string | undefined'.
  Type 'null' is not assignable to type 'string | undefined'.
src/modules/goal/presentation/components/demos/GoalReviewCardDemo.vue(63,65): error TS2339: Property 'name' does not exist on type '{ readonly uuid: string; readonly accountUuid: string; readonly title: string; readonly description: string | null | undefined; readonly color: string | null | undefined; readonly feasibilityAnalysis: string | ... 1 more ... | undefined; ... 99 more ...; equals: (other: Entity) => boolean; }'.
src/modules/goal/presentation/components/demos/GoalReviewCardDemo.vue(74,36): error TS2339: Property 'startTime' does not exist on type '{ readonly uuid: string; readonly accountUuid: string; readonly title: string; readonly description: string | null | undefined; readonly color: string | null | undefined; readonly feasibilityAnalysis: string | ... 1 more ... | undefined; ... 99 more ...; equals: (other: Entity) => boolean; }'.
src/modules/goal/presentation/components/demos/GoalReviewCardDemo.vue(75,36): error TS2339: Property 'endTime' does not exist on type '{ readonly uuid: string; readonly accountUuid: string; readonly title: string; readonly description: string | null | undefined; readonly color: string | null | undefined; readonly feasibilityAnalysis: string | ... 1 more ... | undefined; ... 99 more ...; equals: (other: Entity) => boolean; }'.
src/modules/goal/presentation/components/demos/GoalReviewCardDemo.vue(103,42): error TS2740: Type '{ readonly uuid: string; readonly accountUuid: string; readonly title: string; readonly description: string | null | undefined; readonly color: string | null | undefined; readonly feasibilityAnalysis: string | ... 1 more ... | undefined; ... 99 more ...; equals: (other: Entity) => boolean; }' is missing the following properties from type 'Goal': _accountUuid, _title, _status, _importance, and 13 more.
src/modules/goal/presentation/components/dialogs/GoalRecordDialog.vue(192,42): error TS2339: Property 'changeAmount' does not exist on type '{ readonly uuid: string; readonly keyResultUuid: string; readonly goalUuid: string; readonly value: number; readonly calculatedCurrentValue: number | undefined; readonly note: string | null | undefined; ... 10 more ...; equals: (other: Entity) => boolean; }'.
src/modules/goal/presentation/components/FocusModeHistoryPanel.vue(22,10): error TS2322: Type '({ title: string; key: string; sortable: boolean; align?: undefined; } | { title: string; key: string; sortable: boolean; align: string; })[]' is not assignable to type 'readonly { readonly key?: (string & {}) | "data-table-expand" | "data-table-group" | "data-table-select" | undefined; readonly value?: SelectItemKey<{ uuid: string; accountUuid: string; focusedGoalUuids: string[]; startTime: number; endTime: number; isActive: boolean; remainingDays: number; hiddenGoalsMode: HiddenGo...'.
  Type '{ title: string; key: string; sortable: boolean; align?: undefined; } | { title: string; key: string; sortable: boolean; align: string; }' is not assignable to type '{ readonly key?: (string & {}) | "data-table-expand" | "data-table-group" | "data-table-select" | undefined; readonly value?: SelectItemKey<{ uuid: string; accountUuid: string; focusedGoalUuids: string[]; startTime: number; endTime: number; isActive: boolean; remainingDays: number; hiddenGoalsMode: HiddenGoalsMode; ...'.
    Type '{ title: string; key: string; sortable: boolean; align: string; }' is not assignable to type '{ readonly key?: (string & {}) | "data-table-expand" | "data-table-group" | "data-table-select" | undefined; readonly value?: SelectItemKey<{ uuid: string; accountUuid: string; focusedGoalUuids: string[]; startTime: number; endTime: number; isActive: boolean; remainingDays: number; hiddenGoalsMode: HiddenGoalsMode; ...'.
      Types of property 'align' are incompatible.
        Type 'string' is not assignable to type '"start" | "end" | "center" | undefined'.
src/modules/goal/presentation/components/FocusModeHistoryPanel.vue(32,35): error TS2551: Property 'focusedGoals' does not exist on type '{ uuid: string; accountUuid: string; focusedGoalUuids: string[]; startTime: number; endTime: number; isActive: boolean; remainingDays: number; hiddenGoalsMode: HiddenGoalsMode; }'. Did you mean 'focusedGoalUuids'?
src/modules/goal/presentation/components/FocusModeHistoryPanel.vue(155,12): error TS2339: Property 'isExpired' does not exist on type 'FocusModeClientDTO'.
src/modules/goal/presentation/components/FocusModeHistoryPanel.vue(167,12): error TS2339: Property 'isExpired' does not exist on type 'FocusModeClientDTO'.
src/modules/goal/presentation/components/FocusModeHistoryPanel.vue(179,12): error TS2339: Property 'isExpired' does not exist on type 'FocusModeClientDTO'.
src/modules/goal/presentation/components/FocusModeHistoryPanel.vue(217,5): error TS2353: Object literal may only specify known properties, and 'hide_all' does not exist in type 'Record<HiddenGoalsMode, string>'.
src/modules/goal/presentation/components/FocusModeHistoryPanel.vue(260,34): error TS2551: Property 'focusedGoals' does not exist on type 'FocusModeClientDTO'. Did you mean 'focusedGoalUuids'?
src/modules/goal/presentation/components/FocusModeHistoryPanel.vue(260,52): error TS7006: Parameter 'g' implicitly has an 'any' type.
src/modules/goal/presentation/components/FocusModeStatusBar.vue(111,43): error TS2551: Property 'focusedGoals' does not exist on type '{ uuid: string; accountUuid: string; focusedGoalUuids: string[]; startTime: number; endTime: number; isActive: boolean; remainingDays: number; hiddenGoalsMode: HiddenGoalsMode; }'. Did you mean 'focusedGoalUuids'?
src/modules/goal/presentation/components/weight-snapshot/WeightSnapshotList.vue(13,21): error TS2322: Type 'string' is not assignable to type '"all" | "7d" | "30d" | "90d"'.
src/modules/goal/presentation/components/weight-snapshot/WeightTrendChart.vue(13,39): error TS2345: Argument of type 'string' is not assignable to parameter of type '"7d" | "30d" | "90d" | "180d"'.
src/modules/goal/presentation/components/weight/WeightSuggestionPanel.vue(164,69): error TS2345: Argument of type 'KeyResultClient[]' is not assignable to parameter of type 'KeyResult[]'.
  Type 'KeyResultClient' is missing the following properties from type 'KeyResult': _goalUuid, _title, _progress, _weight, and 18 more.
src/modules/goal/presentation/views/KeyResultDetailView.vue(233,64): error TS2322: Type 'string | null | undefined' is not assignable to type 'string | undefined'.
  Type 'null' is not assignable to type 'string | undefined'.
src/modules/goal/presentation/views/KeyResultDetailView.vue(235,34): error TS2339: Property 'accountUuid' does not exist on type 'Store<"auth", Pick<{ accessToken: Ref<string | null, string | null>; refreshToken: Ref<string | null, string | null>; tokenExpiresAt: Ref<number | null, number | null>; ... 39 more ...; restoreFromStorage: () => void; }, "error" | ... 11 more ... | "rememberedIdentifier">, Pick<...>, Pick<...>>'.
src/modules/goal/presentation/widgets/GoalTimelineWidget.vue(47,44): error TS2339: Property 'IN_PROGRESS' does not exist on type 'typeof GoalStatus'.
src/modules/goal/presentation/widgets/GoalTimelineWidget.vue(63,61): error TS7006: Parameter 'kr' implicitly has an 'any' type.
src/modules/repository/presentation/components/dialogs/RepoDialog.vue(323,13): error TS2322: Type '{}' is not assignable to type 'boolean'.
src/modules/repository/presentation/components/dialogs/RepositoryManagementDialog.vue(143,10): error TS2724: '"@/modules/repository/application/services/RepositoryManagementApplicationService"' has no exported member named 'repositoryManagementApplicationService'. Did you mean 'RepositoryManagementApplicationService'?
src/modules/repository/presentation/components/FileExplorer.vue(161,25): error TS2345: Argument of type 'FolderClientDTO[]' is not assignable to parameter of type 'Folder[]'.
  Type 'FolderClientDTO' is missing the following properties from type 'Folder': _repositoryUuid, _parentUuid, _name, _path, and 14 more.
src/modules/repository/presentation/components/FileExplorer.vue(283,27): error TS2769: No overload matches this call.
  The last overload gave the following error.
    Argument of type 'FolderClientDTO | null' is not assignable to parameter of type 'Folder | null'.
      Type 'FolderClientDTO' is missing the following properties from type 'Folder': _repositoryUuid, _parentUuid, _name, _path, and 14 more.
src/modules/repository/presentation/components/TreeNodeItem.vue(58,30): error TS2769: No overload matches this call.
  The last overload gave the following error.
    Argument of type '"context-menu"' is not assignable to parameter of type '"toggle"'.
src/modules/repository/presentation/components/TreeNodeItem.vue(171,8): error TS2769: No overload matches this call.
  The last overload gave the following error.
    Argument of type '"context-menu"' is not assignable to parameter of type '"toggle"'.
src/modules/repository/presentation/composables/useMilkdown.ts(13,26): error TS2307: Cannot find module '@milkdown/ctx' or its corresponding type declarations.
src/modules/repository/presentation/views/RepositoryPage.vue(186,46): error TS2307: Cannot find module '../application/services/repositoryApplicationService' or its corresponding type declarations.
src/modules/schedule/presentation/components/CreateScheduleDialog.vue(229,11): error TS2739: Type '{ title: string; description: string | undefined; startTime: number; endTime: number; priority: number | undefined; location: string | undefined; attendees: string[] | undefined; }' is missing the following properties from type 'CreateScheduleRequest': accountUuid, duration
src/modules/schedule/presentation/components/ScheduleTaskDetailDialog.vue(217,41): error TS2339: Property 'errorMessage' does not exist on type 'ScheduleExecutionClientDTO'.
src/modules/schedule/presentation/components/ScheduleTaskDetailDialog.vue(218,34): error TS2339: Property 'errorMessage' does not exist on type 'ScheduleExecutionClientDTO'.
src/modules/schedule/presentation/views/ScheduleDashboardView.vue(45,16): error TS2322: Type '{ readonly uuid: string; readonly accountUuid: string; readonly name: string; readonly description: string | null; readonly sourceModule: SourceModule; readonly sourceEntityId: string; ... 43 more ...; equals: (other: Entity) => boolean; }[]' is not assignable to type 'ScheduleTask[]'.
  Type '{ readonly uuid: string; readonly accountUuid: string; readonly name: string; readonly description: string | null; readonly sourceModule: SourceModule; readonly sourceEntityId: string; ... 43 more ...; equals: (other: Entity) => boolean; }' is missing the following properties from type 'ScheduleTask': _accountUuid, _name, _description, _sourceModule, and 14 more.
src/modules/schedule/presentation/views/ScheduleDashboardView.vue(56,16): error TS2322: Type '{ readonly uuid: string; readonly accountUuid: string; readonly name: string; readonly description: string | null; readonly sourceModule: SourceModule; readonly sourceEntityId: string; ... 43 more ...; equals: (other: Entity) => boolean; }[]' is not assignable to type 'ScheduleTask[]'.
  Type '{ readonly uuid: string; readonly accountUuid: string; readonly name: string; readonly description: string | null; readonly sourceModule: SourceModule; readonly sourceEntityId: string; ... 43 more ...; equals: (other: Entity) => boolean; }' is missing the following properties from type 'ScheduleTask': _accountUuid, _name, _description, _sourceModule, and 14 more.
src/modules/schedule/presentation/views/ScheduleDashboardView.vue(67,16): error TS2322: Type '{ readonly uuid: string; readonly accountUuid: string; readonly name: string; readonly description: string | null; readonly sourceModule: SourceModule; readonly sourceEntityId: string; ... 43 more ...; equals: (other: Entity) => boolean; }[]' is not assignable to type 'ScheduleTask[]'.
  Type '{ readonly uuid: string; readonly accountUuid: string; readonly name: string; readonly description: string | null; readonly sourceModule: SourceModule; readonly sourceEntityId: string; ... 43 more ...; equals: (other: Entity) => boolean; }' is missing the following properties from type 'ScheduleTask': _accountUuid, _name, _description, _sourceModule, and 14 more.
src/modules/schedule/presentation/views/ScheduleDashboardView.vue(80,16): error TS2322: Type '{ uuid: string; accountUuid: string; totalTasks: number; activeTasks: number; pausedTasks: number; completedTasks: number; cancelledTasks: number; failedTasks: number; totalExecutions: number; ... 14 more ...; healthStatus: string; } | null' is not assignable to type 'ScheduleStatisticsServerDTO | null'.
  Type '{ uuid: string; accountUuid: string; totalTasks: number; activeTasks: number; pausedTasks: number; completedTasks: number; cancelledTasks: number; failedTasks: number; totalExecutions: number; ... 14 more ...; healthStatus: string; }' is not assignable to type 'ScheduleStatisticsServerDTO'.
    Types of property 'moduleStatistics' are incompatible.
      Type 'Record<string, ModuleStatisticsClientDTO>' is not assignable to type 'Record<string, ModuleStatisticsServerDTO>'.
        'string' index signatures are incompatible.
          Type 'ModuleStatisticsClientDTO' is missing the following properties from type 'ModuleStatisticsServerDTO': successfulExecutions, failedExecutions
src/modules/schedule/presentation/views/ScheduleDashboardView.vue(81,16): error TS2322: Type '{ reminder: { moduleName: string; totalTasks: number; activeTasks: number; totalExecutions: number; successRate: number; avgDuration: number; moduleDisplayName: string; successRateFormatted: string; successRateColor: string; avgDurationFormatted: string; activeTasksRatio: string; }; ... 4 more ...; custom: { ...; };...' is not assignable to type 'Record<SourceModule, ModuleStatisticsServerDTO> | null | undefined'.
  Type '{ reminder: { moduleName: string; totalTasks: number; activeTasks: number; totalExecutions: number; successRate: number; avgDuration: number; moduleDisplayName: string; successRateFormatted: string; successRateColor: string; avgDurationFormatted: string; activeTasksRatio: string; }; ... 4 more ...; custom: { ...; }; }' is not assignable to type 'Record<SourceModule, ModuleStatisticsServerDTO>'.
    Types of property 'reminder' are incompatible.
      Type '{ moduleName: string; totalTasks: number; activeTasks: number; totalExecutions: number; successRate: number; avgDuration: number; moduleDisplayName: string; successRateFormatted: string; successRateColor: string; avgDurationFormatted: string; activeTasksRatio: string; }' is missing the following properties from type 'ModuleStatisticsServerDTO': successfulExecutions, failedExecutions
src/modules/task/presentation/components/cards/DraggableTaskCard.vue(50,24): error TS2740: Type 'TaskTemplateClientDTO' is missing the following properties from type 'TaskTemplate': _accountUuid, _title, _taskType, _timeConfig, and 59 more.
src/modules/task/presentation/components/cards/DraggableTaskCard.vue(50,64): error TS2322: Type '(templateUuid: string) => void' is not assignable to type '(template: TaskTemplate) => any'.
  Types of parameters 'templateUuid' and 'template' are incompatible.
    Type 'TaskTemplate' is not assignable to type 'string'.
src/modules/task/presentation/components/dependency/DependencyManager.vue(293,7): error TS2322: Type 'string' is not assignable to type 'DependencyType'.
src/modules/task/presentation/components/dialogs/TaskTemplateDialog.vue(104,10): error TS2724: '"@dailyuse/contracts/task"' has no exported member named 'TaskTimeType'. Did you mean 'TaskType'?
src/modules/task/presentation/components/one-time/SubtaskList.vue(67,36): error TS2367: This comparison appears to be unintentional because the types 'TaskTemplateStatus' and '"COMPLETED"' have no overlap.
src/modules/task/presentation/components/one-time/SubtaskList.vue(74,31): error TS2367: This comparison appears to be unintentional because the types 'TaskTemplateStatus' and '"COMPLETED"' have no overlap.
src/modules/task/presentation/components/one-time/SubtaskList.vue(75,65): error TS2345: Argument of type 'boolean | null' is not assignable to parameter of type 'boolean'.
  Type 'null' is not assignable to type 'boolean'.
src/modules/task/presentation/components/one-time/SubtaskList.vue(87,51): error TS2367: This comparison appears to be unintentional because the types 'TaskTemplateStatus' and '"COMPLETED"' have no overlap.
src/modules/task/presentation/components/one-time/SubtaskList.vue(107,35): error TS2339: Property 'priority' does not exist on type 'TaskTemplateClientDTO'.
src/modules/task/presentation/components/one-time/SubtaskList.vue(107,55): error TS2339: Property 'priority' does not exist on type 'TaskTemplateClientDTO'.
src/modules/task/presentation/components/one-time/SubtaskList.vue(120,40): error TS2345: Argument of type 'number' is not assignable to parameter of type 'string'.
src/modules/task/presentation/components/one-time/SubtaskList.vue(137,25): error TS2367: This comparison appears to be unintentional because the types 'TaskTemplateStatus' and '"PENDING"' have no overlap.
src/modules/task/presentation/components/one-time/SubtaskList.vue(266,38): error TS2367: This comparison appears to be unintentional because the types 'TaskTemplateStatus' and '"COMPLETED"' have no overlap.
src/modules/task/presentation/components/one-time/SubtaskList.vue(270,38): error TS2367: This comparison appears to be unintentional because the types 'TaskTemplateStatus' and '"IN_PROGRESS"' have no overlap.
src/modules/task/presentation/components/one-time/SubtaskList.vue(274,38): error TS2367: This comparison appears to be unintentional because the types 'TaskTemplateStatus' and '"PENDING"' have no overlap.
src/modules/task/presentation/components/one-time/SubtaskList.vue(278,38): error TS2367: This comparison appears to be unintentional because the types 'TaskTemplateStatus' and '"BLOCKED"' have no overlap.
src/modules/task/presentation/components/one-time/SubtaskList.vue(299,38): error TS2339: Property 'priority' does not exist on type 'TaskTemplateClientDTO'.
src/modules/task/presentation/components/one-time/SubtaskList.vue(299,58): error TS2339: Property 'priority' does not exist on type 'TaskTemplateClientDTO'.
src/modules/task/presentation/components/one-time/SubtaskList.vue(310,35): error TS7053: Element implicitly has an 'any' type because expression of type 'TaskTemplateStatus' can't be used to index type '{ PENDING: number; IN_PROGRESS: number; BLOCKED: number; COMPLETED: number; CANCELED: number; }'.
  Property '[TaskTemplateStatus.ACTIVE]' does not exist on type '{ PENDING: number; IN_PROGRESS: number; BLOCKED: number; COMPLETED: number; CANCELED: number; }'.
src/modules/task/presentation/components/one-time/SubtaskList.vue(310,59): error TS7053: Element implicitly has an 'any' type because expression of type 'TaskTemplateStatus' can't be used to index type '{ PENDING: number; IN_PROGRESS: number; BLOCKED: number; COMPLETED: number; CANCELED: number; }'.
  Property '[TaskTemplateStatus.ACTIVE]' does not exist on type '{ PENDING: number; IN_PROGRESS: number; BLOCKED: number; COMPLETED: number; CANCELED: number; }'.
src/modules/task/presentation/components/one-time/SubtaskList.vue(320,27): error TS2367: This comparison appears to be unintentional because the types 'TaskTemplateStatus' and '"COMPLETED"' have no overlap.
src/modules/task/presentation/components/one-time/TaskCard.vue(35,24): error TS2339: Property 'priority' does not exist on type 'TaskTemplateClientDTO'.
src/modules/task/presentation/components/one-time/TaskCard.vue(127,25): error TS2339: Property 'subtaskCount' does not exist on type 'TaskTemplateClientDTO'.
src/modules/task/presentation/components/one-time/TaskCard.vue(127,46): error TS2339: Property 'subtaskCount' does not exist on type 'TaskTemplateClientDTO'.
src/modules/task/presentation/components/one-time/TaskCard.vue(129,25): error TS2339: Property 'subtaskCount' does not exist on type 'TaskTemplateClientDTO'.
src/modules/task/presentation/components/one-time/TaskCard.vue(139,23): error TS2367: This comparison appears to be unintentional because the types 'TaskTemplateStatus' and '"PENDING"' have no overlap.
src/modules/task/presentation/components/one-time/TaskCard.vue(151,23): error TS2367: This comparison appears to be unintentional because the types 'TaskTemplateStatus' and '"IN_PROGRESS"' have no overlap.
src/modules/task/presentation/components/one-time/TaskCard.vue(171,23): error TS2367: This comparison appears to be unintentional because the types 'TaskTemplateStatus' and '"BLOCKED"' have no overlap.
src/modules/task/presentation/components/one-time/TaskCard.vue(283,36): error TS2367: This comparison appears to be unintentional because the types 'TaskTemplateStatus' and '"COMPLETED"' have no overlap.
src/modules/task/presentation/components/one-time/TaskCard.vue(284,35): error TS2367: This comparison appears to be unintentional because the types 'TaskTemplateStatus' and '"CANCELED"' have no overlap.
src/modules/task/presentation/components/one-time/TaskCard.vue(289,50): error TS2339: Property 'priority' does not exist on type 'TaskTemplateClientDTO'.
src/modules/task/presentation/components/one-time/TaskCard.vue(289,73): error TS2339: Property 'priority' does not exist on type 'TaskTemplateClientDTO'.
src/modules/task/presentation/components/one-time/TaskCard.vue(316,31): error TS2339: Property 'priority' does not exist on type 'TaskTemplateClientDTO'.
src/modules/task/presentation/components/one-time/TaskCard.vue(324,31): error TS2339: Property 'priority' does not exist on type 'TaskTemplateClientDTO'.
src/modules/task/presentation/components/one-time/TaskCard.vue(332,31): error TS2339: Property 'priority' does not exist on type 'TaskTemplateClientDTO'.
src/modules/task/presentation/components/one-time/TaskDetail.vue(67,50): error TS2367: This comparison appears to be unintentional because the types 'TaskTemplateStatus' and '"COMPLETED"' have no overlap.
src/modules/task/presentation/components/one-time/TaskDetail.vue(71,37): error TS2367: This comparison appears to be unintentional because the types 'TaskTemplateStatus' and '"COMPLETED"' have no overlap.
src/modules/task/presentation/components/one-time/TaskDetail.vue(73,72): error TS2345: Argument of type 'boolean | null' is not assignable to parameter of type 'boolean'.
  Type 'null' is not assignable to type 'boolean'.
src/modules/task/presentation/components/one-time/TaskDetail.vue(79,80): error TS2367: This comparison appears to be unintentional because the types 'TaskTemplateStatus' and '"COMPLETED"' have no overlap.
src/modules/task/presentation/components/one-time/TaskDetail.vue(85,37): error TS2339: Property 'priority' does not exist on type 'TaskTemplateClientDTO'.
src/modules/task/presentation/components/one-time/TaskDetail.vue(85,57): error TS2339: Property 'priority' does not exist on type 'TaskTemplateClientDTO'.
src/modules/task/presentation/components/one-time/TaskDetail.vue(153,29): error TS2551: Property 'notes' does not exist on type 'TaskTemplateClientDTO'. Did you mean 'note'?
src/modules/task/presentation/components/one-time/TaskDetail.vue(159,38): error TS2551: Property 'notes' does not exist on type 'TaskTemplateClientDTO'. Did you mean 'note'?
src/modules/task/presentation/components/one-time/TaskDetail.vue(175,32): error TS2339: Property 'priority' does not exist on type 'TaskTemplateClientDTO'.
src/modules/task/presentation/components/one-time/TaskDetail.vue(176,51): error TS2339: Property 'priority' does not exist on type 'TaskTemplateClientDTO'.
src/modules/task/presentation/components/one-time/TaskDetail.vue(179,72): error TS2339: Property 'priority' does not exist on type 'TaskTemplateClientDTO'.
src/modules/task/presentation/components/one-time/TaskDetail.vue(180,45): error TS2339: Property 'priority' does not exist on type 'TaskTemplateClientDTO'.
src/modules/task/presentation/components/one-time/TaskDetail.vue(194,35): error TS2345: Argument of type 'number' is not assignable to parameter of type 'string'.
src/modules/task/presentation/components/one-time/TaskDetail.vue(267,39): error TS2345: Argument of type 'number' is not assignable to parameter of type 'string'.
src/modules/task/presentation/components/one-time/TaskDetail.vue(280,39): error TS2345: Argument of type 'number' is not assignable to parameter of type 'string'.
src/modules/task/presentation/components/one-time/TaskDetail.vue(285,33): error TS2367: This comparison appears to be unintentional because the types 'TaskTemplateStatus' and '"BLOCKED"' have no overlap.
src/modules/task/presentation/components/one-time/TaskDetail.vue(293,31): error TS2551: Property 'blockReason' does not exist on type 'TaskTemplateClientDTO'. Did you mean 'blockingReason'?
src/modules/task/presentation/components/one-time/TaskDetail.vue(308,17): error TS2367: This comparison appears to be unintentional because the types 'TaskTemplateStatus' and '"PENDING"' have no overlap.
src/modules/task/presentation/components/one-time/TaskDetail.vue(317,17): error TS2367: This comparison appears to be unintentional because the types 'TaskTemplateStatus' and '"IN_PROGRESS"' have no overlap.
src/modules/task/presentation/components/one-time/TaskDetail.vue(326,17): error TS2367: This comparison appears to be unintentional because the types 'TaskTemplateStatus' and '"IN_PROGRESS"' have no overlap.
src/modules/task/presentation/components/one-time/TaskDetail.vue(335,17): error TS2367: This comparison appears to be unintentional because the types 'TaskTemplateStatus' and '"BLOCKED"' have no overlap.
src/modules/task/presentation/components/one-time/TaskDetail.vue(457,31): error TS2367: This comparison appears to be unintentional because the types 'TaskTemplateStatus' and '"COMPLETED"' have no overlap.
src/modules/task/presentation/components/one-time/TaskDetail.vue(462,38): error TS2367: This comparison appears to be unintentional because the types 'TaskTemplateStatus' and '"COMPLETED"' have no overlap.
src/modules/task/presentation/components/one-time/TaskForm.vue(101,44): error TS2339: Property 'subtaskCount' does not exist on type 'TaskTemplateClientDTO'.
src/modules/task/presentation/components/one-time/TaskForm.vue(101,65): error TS2339: Property 'subtaskCount' does not exist on type 'TaskTemplateClientDTO'.
src/modules/task/presentation/components/one-time/TaskForm.vue(211,36): error TS2367: This comparison appears to be unintentional because the types 'TaskTemplateStatus | undefined' and '"BLOCKED"' have no overlap.
src/modules/task/presentation/components/one-time/TaskForm.vue(360,22): error TS2339: Property 'priority' does not exist on type 'TaskTemplateClientDTO'.
src/modules/task/presentation/components/one-time/TaskForm.vue(363,22): error TS2339: Property 'isParent' does not exist on type 'TaskTemplateClientDTO'.
src/modules/task/presentation/components/one-time/TaskList.vue(280,61): error TS2367: This comparison appears to be unintentional because the types 'TaskTemplateStatus' and '"COMPLETED"' have no overlap.
src/modules/task/presentation/components/one-time/TaskList.vue(290,29): error TS2345: Argument of type 'number' is not assignable to parameter of type 'string'.
src/modules/task/presentation/components/one-time/TaskList.vue(292,30): error TS2339: Property 'priority' does not exist on type 'TaskTemplateClientDTO'.
src/modules/task/presentation/components/one-time/TaskList.vue(293,66): error TS2339: Property 'priority' does not exist on type 'TaskTemplateClientDTO'.
src/modules/task/presentation/components/one-time/TaskList.vue(294,41): error TS2339: Property 'priority' does not exist on type 'TaskTemplateClientDTO'.
src/modules/task/presentation/components/one-time/TaskList.vue(296,27): error TS2339: Property 'priority' does not exist on type 'TaskTemplateClientDTO'.
src/modules/task/presentation/components/one-time/TaskList.vue(308,21): error TS2367: This comparison appears to be unintentional because the types 'TaskTemplateStatus' and '"PENDING"' have no overlap.
src/modules/task/presentation/components/one-time/TaskList.vue(316,21): error TS2367: This comparison appears to be unintentional because the types 'TaskTemplateStatus' and '"IN_PROGRESS"' have no overlap.
src/modules/task/presentation/components/one-time/TaskList.vue(467,12): error TS2339: Property 'priority' does not exist on type 'TaskTemplateClientDTO'.
src/modules/task/presentation/components/one-time/TaskList.vue(467,61): error TS2339: Property 'priority' does not exist on type 'TaskTemplateClientDTO'.
src/modules/task/presentation/components/one-time/TaskList.vue(495,19): error TS2339: Property 'priority' does not exist on type 'TaskTemplateClientDTO'.
src/modules/task/presentation/components/one-time/TaskList.vue(495,39): error TS2339: Property 'priority' does not exist on type 'TaskTemplateClientDTO'.
src/modules/task/presentation/components/one-time/TaskList.vue(536,24): error TS2367: This comparison appears to be unintentional because the types 'TaskTemplateStatus' and '"COMPLETED"' have no overlap.
src/modules/task/presentation/components/one-time/TaskList.vue(541,10): error TS2367: This comparison appears to be unintentional because the types 'TaskTemplateStatus' and '"PENDING"' have no overlap.
src/modules/task/presentation/components/one-time/TaskList.vue(545,10): error TS2367: This comparison appears to be unintentional because the types 'TaskTemplateStatus' and '"IN_PROGRESS"' have no overlap.
src/modules/task/presentation/components/TaskDependencyGraph.vue(135,61): error TS2345: Argument of type 'TaskTemplateClientDTO[]' is not assignable to parameter of type 'TaskForDAG[]'.
  Type 'TaskTemplateClientDTO' is not assignable to type 'TaskForDAG'.
    Types of property 'estimatedMinutes' are incompatible.
      Type 'number | null | undefined' is not assignable to type 'number | undefined'.
        Type 'null' is not assignable to type 'number | undefined'.
src/modules/task/presentation/components/TaskDependencyGraph.vue(146,61): error TS2345: Argument of type 'TaskTemplateClientDTO[]' is not assignable to parameter of type 'TaskForDAG[]'.
  Type 'TaskTemplateClientDTO' is not assignable to type 'TaskForDAG'.
    Types of property 'estimatedMinutes' are incompatible.
      Type 'number | null | undefined' is not assignable to type 'number | undefined'.
        Type 'null' is not assignable to type 'number | undefined'.
src/modules/task/presentation/components/TaskDependencyGraph.vue(163,69): error TS2345: Argument of type 'TaskTemplateClientDTO[]' is not assignable to parameter of type 'TaskForDAG[]'.
  Type 'TaskTemplateClientDTO' is not assignable to type 'TaskForDAG'.
    Types of property 'estimatedMinutes' are incompatible.
      Type 'number | null | undefined' is not assignable to type 'number | undefined'.
        Type 'null' is not assignable to type 'number | undefined'.
src/modules/task/presentation/components/TaskDependencyGraph.vue(184,7): error TS2322: Type '{ type: "graph"; layout: "force" | "circular"; data: GraphNode[]; links: GraphEdge[]; categories: { name: string; itemStyle?: { color: string; } | undefined; }[]; roam: true; ... 4 more ...; edgeSymbolSize: number[]; }[]' is not assignable to type 'SeriesOption$1 | SeriesOption$1[] | undefined'.
  Type '{ type: "graph"; layout: "force" | "circular"; data: GraphNode[]; links: GraphEdge[]; categories: { name: string; itemStyle?: { color: string; } | undefined; }[]; roam: true; ... 4 more ...; edgeSymbolSize: number[]; }[]' is not assignable to type 'MapSeriesOption$1 | LineSeriesOption$1 | LinesSeriesOption$1 | CustomSeriesOption$1 | ... 18 more ... | SeriesOption$1[]'.
    Type '{ type: "graph"; layout: "force" | "circular"; data: GraphNode[]; links: GraphEdge[]; categories: { name: string; itemStyle?: { color: string; }; }[]; roam: true; label: { show: true; position: "right"; }; lineStyle: { ...; }; force: { ...; } | undefined; edgeSymbol: string[]; edgeSymbolSize: number[]; }' is not assignable to type 'SeriesOption$1'.
      Types of property 'links' are incompatible.
        Type 'GraphEdge[]' is not assignable to type 'GraphEdgeItemOption[]'.
          Type 'GraphEdge' is not assignable to type 'GraphEdgeItemOption'.
            Types of property 'value' are incompatible.
              Type 'string' is not assignable to type 'number'.
src/modules/task/presentation/components/TaskTemplateForm/sections/TimeConfigSection.vue(223,7): error TS2353: Object literal may only specify known properties, and 'endDate' does not exist in type 'TaskTimeConfigClientDTO'.
src/modules/task/presentation/components/TaskTemplateForm/TaskTemplateForm.vue(16,10): error TS2322: Type 'TaskTemplate | null' is not assignable to type 'TaskTemplate'.
  Type 'null' is not assignable to type 'TaskTemplate'.
src/modules/task/presentation/components/TaskTemplateForm/TaskTemplateForm.vue(22,10): error TS2322: Type 'TaskTemplate | null' is not assignable to type 'TaskTemplate'.
  Type 'null' is not assignable to type 'TaskTemplate'.
src/modules/task/presentation/components/TaskTemplateForm/TaskTemplateForm.vue(28,10): error TS2322: Type 'TaskTemplate | null' is not assignable to type 'TaskTemplate'.
  Type 'null' is not assignable to type 'TaskTemplate'.
src/modules/task/presentation/components/TaskTemplateForm/TaskTemplateForm.vue(34,10): error TS2322: Type 'TaskTemplate | null' is not assignable to type 'TaskTemplate'.
  Type 'null' is not assignable to type 'TaskTemplate'.
src/modules/task/presentation/components/TaskTemplateForm/TaskTemplateForm.vue(42,10): error TS2322: Type 'TaskTemplate | null' is not assignable to type 'TaskTemplate'.
  Type 'null' is not assignable to type 'TaskTemplate'.
src/modules/task/presentation/components/TaskTemplateForm/TaskTemplateForm.vue(47,10): error TS2322: Type 'TaskTemplate | null' is not assignable to type 'TaskTemplate'.
  Type 'null' is not assignable to type 'TaskTemplate'.
src/modules/task/presentation/components/TaskTemplateForm/widgets/ReminderSnoozeSettings.vue(49,52): error TS2339: Property 'snooze' does not exist on type 'TaskReminderConfig | null | undefined'.
src/modules/task/presentation/widgets/TodayTasksWidget.vue(56,22): error TS2339: Property 'scheduledTime' does not exist on type 'TaskInstance'.
src/modules/task/presentation/widgets/TodayTasksWidget.vue(57,48): error TS2339: Property 'scheduledTime' does not exist on type 'TaskInstance'.
src/modules/task/presentation/widgets/TodayTasksWidget.vue(62,22): error TS2339: Property 'dueDate' does not exist on type 'TaskInstance'.
src/modules/task/presentation/widgets/TodayTasksWidget.vue(63,47): error TS2339: Property 'dueDate' does not exist on type 'TaskInstance'.
src/modules/task/presentation/widgets/TodayTasksWidget.vue(73,47): error TS2339: Property 'priority' does not exist on type 'TaskInstance'.
src/modules/task/presentation/widgets/TodayTasksWidget.vue(74,47): error TS2339: Property 'priority' does not exist on type 'TaskInstance'.
src/modules/task/presentation/widgets/TodayTasksWidget.vue(78,29): error TS2339: Property 'scheduledTime' does not exist on type 'TaskInstance'.
src/modules/task/presentation/widgets/TodayTasksWidget.vue(78,48): error TS2339: Property 'dueDate' does not exist on type 'TaskInstance'.
src/modules/task/presentation/widgets/TodayTasksWidget.vue(79,29): error TS2339: Property 'scheduledTime' does not exist on type 'TaskInstance'.
src/modules/task/presentation/widgets/TodayTasksWidget.vue(79,48): error TS2339: Property 'dueDate' does not exist on type 'TaskInstance'.
src/modules/task/presentation/widgets/TodayTasksWidget.vue(91,66): error TS2339: Property 'priority' does not exist on type 'TaskInstance'.
src/modules/task/presentation/widgets/TodayTasksWidget.vue(92,68): error TS2339: Property 'priority' does not exist on type 'TaskInstance'.
src/modules/task/presentation/widgets/TodayTasksWidget.vue(93,65): error TS2339: Property 'priority' does not exist on type 'TaskInstance'.
