<?xml version="1.0" encoding="utf-8"?><testsuites name="pytest tests"><testsuite name="pytest" errors="0" failures="0" skipped="0" tests="68" time="17.825" timestamp="2026-06-12T22:44:15.205183+08:00" hostname="forest"><testcase classname="tests.unit.test_agent_runtime" name="test_goal_create_graph_pauses_for_approval_without_side_effects" time="0.093" /><testcase classname="tests.unit.test_agent_runtime" name="test_goal_create_graph_projects_supplied_read_only_context" time="0.068" /><testcase classname="tests.unit.test_agent_runtime" name="test_goal_create_graph_uses_goal_planning_service_when_provider_config_supplied" time="0.065" /><testcase classname="tests.unit.test_agent_runtime" name="test_goal_create_graph_pauses_for_clarification_when_input_is_too_brief" time="0.067" /><testcase classname="tests.unit.test_agent_runtime" name="test_goal_create_graph_resumes_from_clarification_to_approval" time="0.117" /><testcase classname="tests.unit.test_agent_runtime" name="test_goal_create_graph_rejects_non_clarify_decision_during_clarification" time="0.178" /><testcase classname="tests.unit.test_agent_runtime" name="test_goal_create_graph_rejects_clarify_decision_during_approval" time="0.215" /><testcase classname="tests.unit.test_agent_runtime" name="test_goal_create_graph_resumes_same_thread_and_pauses_for_external_execution" time="0.247" /><testcase classname="tests.unit.test_agent_runtime" name="test_goal_create_graph_completes_after_ts_executor_results_are_resumed" time="0.272" /><testcase classname="tests.unit.test_agent_runtime" name="test_goal_create_graph_projects_execution_timeline_and_recovery_artifact" time="0.289" /><testcase classname="tests.unit.test_agent_runtime" name="test_goal_create_graph_retries_failed_execution_with_same_approved_plan" time="0.321" /><testcase classname="tests.unit.test_agent_runtime" name="test_goal_create_file_checkpoint_restores_failed_result_and_retry" time="0.644" /><testcase classname="tests.unit.test_agent_runtime" name="test_goal_create_file_run_history_restores_recent_run_list" time="0.692" /><testcase classname="tests.unit.test_agent_runtime" name="test_agent_run_history_store_loads_metadata_only_manifest" time="0.019" /><testcase classname="tests.unit.test_agent_runtime" name="test_agent_run_history_store_quarantines_invalid_manifest" time="0.019" /><testcase classname="tests.unit.test_agent_runtime" name="test_file_backed_checkpoint_quarantines_invalid_pickle" time="0.019" /><testcase classname="tests.unit.test_agent_runtime" name="test_goal_create_snapshot_uses_memory_checkpoint_by_thread_id" time="0.223" /><testcase classname="tests.unit.test_agent_runtime" name="test_agent_runtime_lists_runs_for_identity_and_active_statuses" time="0.375" /><testcase classname="tests.unit.test_agent_runtime" name="test_goal_create_resume_cancel_does_not_execute_side_effects" time="0.177" /><testcase classname="tests.unit.test_agent_runtime" name="test_knowledge_qa_graph_completes_with_grounded_answer_artifact" time="0.072" /><testcase classname="tests.unit.test_agent_runtime" name="test_knowledge_qa_graph_marks_insufficient_evidence_without_citations" time="0.066" /><testcase classname="tests.unit.test_agent_runtime" name="test_agent_node_completed_events_include_duration_ms" time="0.056" /><testcase classname="tests.unit.test_agent_runtime" name="test_knowledge_qa_snapshot_uses_memory_checkpoint_by_thread_id" time="0.082" /><testcase classname="tests.unit.test_agent_runtime" name="test_knowledge_qa_file_run_history_restores_recent_run_list" time="0.222" /><testcase classname="tests.unit.test_agent_runtime" name="test_knowledge_generate_graph_completes_with_note_draft_artifact" time="0.140" /><testcase classname="tests.unit.test_agent_runtime" name="test_knowledge_generate_graph_resumes_to_execution_and_result" time="0.188" /><testcase classname="tests.unit.test_agent_runtime" name="test_knowledge_generate_graph_retries_failed_execution_with_same_approved_plan" time="0.185" /><testcase classname="tests.unit.test_agent_runtime" name="test_knowledge_generate_file_checkpoint_restores_failed_result_and_retry" time="0.337" /><testcase classname="tests.unit.test_agent_runtime" name="test_knowledge_generate_file_run_history_restores_recent_run_list" time="0.369" /><testcase classname="tests.unit.test_agent_runtime" name="test_knowledge_generate_graph_uses_topic_as_default_title" time="0.146" /><testcase classname="tests.unit.test_agent_runtime" name="test_knowledge_generate_snapshot_uses_memory_checkpoint_by_thread_id" time="0.152" /><testcase classname="tests.unit.test_agent_schemas" name="test_agent_action_plan_uses_confirmation_first_side_effect_shape" time="0.013" /><testcase classname="tests.unit.test_agent_schemas" name="test_agent_state_accepts_knowledge_answer_artifact_with_citation" time="0.014" /><testcase classname="tests.unit.test_agent_schemas" name="test_agent_event_rejects_unknown_event_type" time="0.013" /><testcase classname="tests.unit.test_agent_schemas" name="test_agent_resume_payload_carries_approved_plan" time="0.013" /><testcase classname="tests.unit.test_agent_schemas" name="test_agent_resume_payload_carries_clarification_answers" time="0.015" /><testcase classname="tests.unit.test_agent_schemas" name="test_reminder_draft_defaults_and_serializes_time_of_day" time="0.013" /><testcase classname="tests.unit.test_agent_schemas" name="test_reminder_draft_rejects_invalid_time_of_day" time="0.013" /><testcase classname="tests.unit.test_agent_schemas" name="test_agent_resume_payload_carries_external_execution_results" time="0.013" /><testcase classname="tests.unit.test_agent_schemas" name="test_agent_event_accepts_external_execution_required_event" time="0.013" /><testcase classname="tests.unit.test_agent_schemas" name="test_agent_event_accepts_clarification_required_event" time="0.014" /><testcase classname="tests.unit.test_analytics_workflow_handler" name="test_can_handle" time="0.017" /><testcase classname="tests.unit.test_analytics_workflow_handler" name="test_analytics_handler_executes_query" time="0.030" /><testcase classname="tests.unit.test_goal_automation_workflow_handler" name="test_can_handle" time="0.016" /><testcase classname="tests.unit.test_goal_automation_workflow_handler" name="test_goal_automation_handler_executes_plan" time="0.028" /><testcase classname="tests.unit.test_goal_workflow_handler" name="test_can_handle" time="0.018" /><testcase classname="tests.unit.test_goal_workflow_handler" name="test_goal_handler_clarification_flow" time="0.031" /><testcase classname="tests.unit.test_knowledge_expand_workflow_handler" name="test_can_handle" time="0.017" /><testcase classname="tests.unit.test_knowledge_expand_workflow_handler" name="test_knowledge_expand_handler_executes_expand" time="0.030" /><testcase classname="tests.unit.test_knowledge_generate_enhancements" name="test_knowledge_generate_with_provider_backed_generation" time="0.126" /><testcase classname="tests.unit.test_knowledge_generate_enhancements" name="test_knowledge_generate_with_real_search_integration" time="0.135" /><testcase classname="tests.unit.test_knowledge_generate_enhancements" name="test_knowledge_generate_duplicate_risk_assessment" time="0.151" /><testcase classname="tests.unit.test_knowledge_generate_enhancements" name="test_knowledge_generate_duplicate_risk_none_when_no_matches" time="0.137" /><testcase classname="tests.unit.test_knowledge_generate_enhancements" name="test_knowledge_generate_fallback_to_template_on_empty_generation" time="0.133" /><testcase classname="tests.unit.test_knowledge_generate_enhancements" name="test_knowledge_generate_passes_provider_config_to_generator" time="0.140" /><testcase classname="tests.unit.test_knowledge_index_workflow_handler" name="test_can_handle" time="0.017" /><testcase classname="tests.unit.test_knowledge_index_workflow_handler" name="test_knowledge_index_handler_executes_index" time="0.030" /><testcase classname="tests.unit.test_knowledge_note_workflow_handler" name="test_can_handle" time="0.020" /><testcase classname="tests.unit.test_knowledge_note_workflow_handler" name="test_knowledge_note_handler_executes_generate" time="0.028" /><testcase classname="tests.unit.test_knowledge_workflow_handler" name="test_can_handle" time="0.017" /><testcase classname="tests.unit.test_knowledge_workflow_handler" name="test_knowledge_handler_executes_query" time="0.028" /><testcase classname="tests.unit.test_tool_registry" name="test_tool_registry_registration" time="0.012" /><testcase classname="tests.unit.test_tool_registry" name="test_tool_registry_side_effect_validation" time="0.016" /><testcase classname="tests.unit.test_tool_registry" name="test_get_nonexistent_tool" time="0.018" /><testcase classname="tests.unit.test_workflow_orchestrator" name="test_orchestrator_routing" time="0.026" /><testcase classname="tests.unit.test_workflow_orchestrator" name="test_orchestrator_uses_first_matching_handler" time="0.023" /><testcase classname="tests.unit.test_workflow_orchestrator" name="test_orchestrator_bubbles_handler_errors" time="0.021" /><testcase classname="tests.unit.test_workflow_orchestrator" name="test_orchestrator_no_handler" time="0.023" /></testsuite></testsuites>