<?xml version="1.0" encoding="utf-8"?><testsuites name="pytest tests"><testsuite name="pytest" errors="0" failures="0" skipped="0" tests="164" time="14.003" timestamp="2026-06-14T01:52:22.458070+01:00" hostname="forest"><testcase classname="tests.test_agent_runtime_eval_harness" name="test_goal_create_harness_runs_planner_backed_agent_runtime_case" time="0.065" /><testcase classname="tests.test_agent_runtime_eval_harness" name="test_knowledge_qa_harness_runs_grounded_agent_runtime_case" time="0.023" /><testcase classname="tests.test_agent_runtime_eval_harness" name="test_knowledge_generate_harness_runs_draft_save_plan_agent_runtime_case" time="0.032" /><testcase classname="tests.test_agent_runtime_eval_harness" name="test_eval_runner_passes_bundled_agent_runtime_cases" time="0.094" /><testcase classname="tests.test_agent_runtime_routes" name="test_start_goal_create_agent_run_pauses_for_approval" time="0.262" /><testcase classname="tests.test_agent_runtime_routes" name="test_start_goal_create_agent_run_accepts_read_only_context" time="0.183" /><testcase classname="tests.test_agent_runtime_routes" name="test_start_goal_create_agent_run_uses_provider_backed_planner" time="0.224" /><testcase classname="tests.test_agent_runtime_routes" name="test_start_goal_create_agent_run_pauses_for_clarification_when_input_is_brief" time="0.165" /><testcase classname="tests.test_agent_runtime_routes" name="test_resume_goal_create_agent_run_requires_clarification_answers" time="0.172" /><testcase classname="tests.test_agent_runtime_routes" name="test_resume_goal_create_agent_run_rejects_confirm_during_clarification" time="0.173" /><testcase classname="tests.test_agent_runtime_routes" name="test_resume_goal_create_agent_run_continues_from_clarification_to_approval" time="0.198" /><testcase classname="tests.test_agent_runtime_routes" name="test_resume_goal_create_agent_run_rejects_clarify_during_approval" time="0.187" /><testcase classname="tests.test_agent_runtime_routes" name="test_resume_goal_create_agent_run_requires_external_execution_after_confirmation" time="0.221" /><testcase classname="tests.test_agent_runtime_routes" name="test_resume_goal_create_agent_run_requires_executed_actions_while_waiting_execution" time="0.248" /><testcase classname="tests.test_agent_runtime_routes" name="test_resume_goal_create_agent_run_completes_with_external_execution_results" time="0.237" /><testcase classname="tests.test_agent_runtime_routes" name="test_resume_goal_create_agent_run_retries_failed_execution_with_same_plan" time="0.289" /><testcase classname="tests.test_agent_runtime_routes" name="test_get_agent_run_snapshot_and_events_use_thread_checkpoint" time="0.276" /><testcase classname="tests.test_agent_runtime_routes" name="test_goal_agent_snapshot_survives_app_recreation" time="0.403" /><testcase classname="tests.test_agent_runtime_routes" name="test_knowledge_qa_agent_snapshot_survives_app_recreation" time="0.368" /><testcase classname="tests.test_agent_runtime_routes" name="test_knowledge_generate_agent_snapshot_survives_app_recreation" time="0.368" /><testcase classname="tests.test_agent_runtime_routes" name="test_list_agent_runs_returns_recent_runs_for_identity" time="0.236" /><testcase classname="tests.test_agent_runtime_routes" name="test_start_knowledge_qa_agent_run_completes_with_answer_artifact" time="0.161" /><testcase classname="tests.test_agent_runtime_routes" name="test_start_knowledge_qa_agent_run_marks_insufficient_evidence_without_citations" time="0.160" /><testcase classname="tests.test_agent_runtime_routes" name="test_get_knowledge_qa_agent_snapshot_and_events_use_thread_checkpoint" time="0.175" /><testcase classname="tests.test_agent_runtime_routes" name="test_start_knowledge_generate_agent_run_completes_with_note_draft_artifact" time="0.228" /><testcase classname="tests.test_agent_runtime_routes" name="test_resume_knowledge_generate_agent_run_completes_after_execution" time="0.197" /><testcase classname="tests.test_agent_runtime_routes" name="test_resume_knowledge_generate_agent_run_retries_failed_execution" time="0.220" /><testcase classname="tests.test_agent_runtime_routes" name="test_get_knowledge_generate_agent_snapshot_and_events_use_thread_checkpoint" time="0.182" /><testcase classname="tests.test_agent_runtime_routes" name="test_resume_unknown_agent_run_returns_not_found" time="0.148" /><testcase classname="tests.test_analytics_query.TestAnalyticsQueryRoute" name="test_query_analytics_success" time="0.152" /><testcase classname="tests.test_chat.TestChatComplete" name="test_chat_complete_missing_auth_returns_401" time="0.143" /><testcase classname="tests.test_chat.TestChatComplete" name="test_chat_complete_invalid_provider" time="0.147" /><testcase classname="tests.test_chat.TestChatComplete" name="test_chat_complete_rejects_stale_timestamp" time="0.141" /><testcase classname="tests.test_chat.TestChatComplete" name="test_chat_complete_rejects_body_hash_mismatch" time="0.152" /><testcase classname="tests.test_chat.TestChatComplete" name="test_chat_complete_success" time="0.145" /><testcase classname="tests.test_chat.TestChatStream" name="test_chat_stream_success" time="0.148" /><testcase classname="tests.test_chat.TestChatStream" name="test_chat_stream_with_auth_headers" time="0.151" /><testcase classname="tests.test_chat.TestChatService" name="test_get_provider_openai" time="0.042" /><testcase classname="tests.test_chat.TestChatService" name="test_get_provider_anthropic" time="0.042" /><testcase classname="tests.test_chat.TestChatService" name="test_get_provider_case_insensitive" time="0.043" /><testcase classname="tests.test_chat.TestChatService" name="test_get_provider_unknown_raises" time="0.042" /><testcase classname="tests.test_chat.TestChatService" name="test_complete_passes_native_tool_call_options_to_provider" time="0.007" /><testcase classname="tests.test_chat.TestOpenAIProvider" name="test_complete_parses_native_tool_calls" time="0.008" /><testcase classname="tests.test_chat.TestOpenAIProvider" name="test_complete_serializes_structured_tool_loop_messages" time="0.008" /><testcase classname="tests.test_eval_runner" name="test_eval_runner_passes_bundled_regression_cases" time="0.013" /><testcase classname="tests.test_eval_runner" name="test_eval_runner_passes_bundled_goal_workflow_cases" time="0.052" /><testcase classname="tests.test_eval_runner" name="test_filter_eval_cases_supports_case_id_selection" time="0.006" /><testcase classname="tests.test_eval_runner" name="test_eval_quality_gate_flags_score_regression" time="0.012" /><testcase classname="tests.test_eval_runner" name="test_eval_runner_supports_live_mode_with_stubbed_provider_responses" time="0.011" /><testcase classname="tests.test_eval_runner" name="test_eval_runner_supports_live_goal_workflow_with_stubbed_provider" time="0.019" /><testcase classname="tests.test_goal_automation.TestGoalAutomationRoute" name="test_plan_goal_actions_success" time="0.205" /><testcase classname="tests.test_goal_automation.TestGoalAutomationService" name="test_search_notes_tool_call_runs_read_only_tool_loop" time="0.018" /><testcase classname="tests.test_goal_automation.TestGoalAutomationService" name="test_fetch_stats_tool_call_runs_read_only_tool_loop" time="0.021" /><testcase classname="tests.test_goal_automation.TestGoalAutomationService" name="test_native_tool_call_payload_builds_automation_response" time="0.016" /><testcase classname="tests.test_goal_automation.TestGoalAutomationService" name="test_invalid_json_raises_structured_output_error" time="0.019" /><testcase classname="tests.test_goal_clarification.TestGoalClarificationSchemas" name="test_clarification_required_schema" time="0.004" /><testcase classname="tests.test_goal_clarification.TestGoalClarificationSchemas" name="test_clarification_enforces_question_count_bounds" time="0.004" /><testcase classname="tests.test_goal_clarification.TestGoalClarificationSchemas" name="test_clarification_questions_must_be_non_trivial" time="0.004" /><testcase classname="tests.test_goal_clarification.TestGoalClarificationSchemas" name="test_planning_response_with_clarification" time="0.003" /><testcase classname="tests.test_goal_clarification.TestGoalClarificationSchemas" name="test_planning_response_with_draft" time="0.003" /><testcase classname="tests.test_goal_clarification.TestGoalClarificationService" name="test_clarify_returns_clarification_response" time="0.010" /><testcase classname="tests.test_goal_clarification.TestGoalClarificationService" name="test_clarify_returns_draft_state" time="0.014" /><testcase classname="tests.test_goal_clarification.TestGoalClarificationService" name="test_invalid_json_raises_structured_output_error" time="0.011" /><testcase classname="tests.test_goal_clarification.TestGoalClarificationService" name="test_plan_with_clarification_needs_questions" time="0.008" /><testcase classname="tests.test_goal_clarification.TestGoalClarificationService" name="test_plan_with_clarification_augments_idea" time="0.007" /><testcase classname="tests.test_goal_planning.TestGoalPlanningRoute" name="test_plan_goal_success" time="0.149" /><testcase classname="tests.test_goal_planning.TestGoalPlanningService" name="test_invalid_json_raises_structured_output_error" time="0.011" /><testcase classname="tests.test_goal_workflow_harness" name="test_goal_workflow_harness_runs_bundled_partial_case" time="0.020" /><testcase classname="tests.test_goal_workflow_harness" name="test_harness_requires_clarification_answers_when_questions_returned" time="0.007" /><testcase classname="tests.test_goal_workflow_harness" name="test_goal_workflow_recovery_helpers_match_ts_status_semantics" time="0.003" /><testcase classname="tests.test_health" name="test_health_check" time="0.149" /><testcase classname="tests.test_health" name="test_health_check_no_auth_required" time="0.147" /><testcase classname="tests.test_knowledge_note.TestKnowledgeNoteRoute" name="test_generate_note_success" time="0.155" /><testcase classname="tests.test_knowledge_query.TestKnowledgeIndexRoute" name="test_index_resource_success" time="0.150" /><testcase classname="tests.test_knowledge_query.TestKnowledgeQueryRoute" name="test_query_knowledge_success" time="0.149" /><testcase classname="tests.test_knowledge_query.TestKnowledgeQueryRoute" name="test_expand_knowledge_success" time="0.150" /><testcase classname="tests.test_knowledge_query" name="test_hybrid_retrieval_scores_semantically_related_content" time="0.008" /><testcase classname="tests.test_knowledge_query" name="test_provider_embeddings_override_local_vectors_when_available" time="0.007" /><testcase classname="tests.test_knowledge_query" name="test_query_uses_provider_embeddings_when_indexed_vectors_are_provider_sized" time="0.007" /><testcase classname="tests.test_langgraph_checkpoint_saver" name="test_ts_langgraph_checkpoint_saver_round_trips_pending_writes" time="0.006" /><testcase classname="tests.test_langgraph_checkpoint_saver" name="test_goal_runtime_resumes_after_runtime_recreation_with_persistent_saver" time="0.085" /><testcase classname="tests.test_logging_utils" name="test_resolve_log_dir_defaults_to_service_logs" time="0.023" /><testcase classname="tests.test_logging_utils" name="test_configure_logging_adds_file_handlers_for_custom_log_dir" time="0.023" /><testcase classname="tests.test_provider_tool_runtime.TestProviderToolRuntime" name="test_build_tool_loop_messages_creates_structured_turns" time="0.004" /><testcase classname="tests.test_provider_tool_runtime.TestProviderToolRuntime" name="test_complete_with_tool_loop_supports_single_pass_completions" time="0.008" /><testcase classname="tests.test_provider_tool_runtime.TestProviderToolRuntime" name="test_complete_with_tool_loop_runs_read_only_rounds" time="0.009" /><testcase classname="tests.test_provider_tool_runtime.TestProviderToolRuntime" name="test_complete_with_tool_loop_rejects_empty_tool_results" time="0.009" /><testcase classname="tests.test_resume_missing_checkpoint" name="test_resume_goal_agent_missing_graph_checkpoint_raises_clear_error" time="0.037" /><testcase classname="tests.test_resume_missing_checkpoint" name="test_resume_knowledge_generate_missing_graph_checkpoint_raises_clear_error" time="0.025" /><testcase classname="tests.test_resume_missing_checkpoint" name="test_resume_with_valid_graph_checkpoint_proceeds_normally" time="0.039" /><testcase classname="tests.test_resume_missing_checkpoint" name="test_resume_route_returns_409_for_missing_checkpoint" time="0.008" /><testcase classname="tests.test_ts_checkpoint_strategy" name="test_ts_strategy_lifespan_starts_without_identity_error" time="0.085" /><testcase classname="tests.test_ts_checkpoint_strategy" name="test_local_strategy_uses_singleton_runtime" time="0.144" /><testcase classname="tests.test_ts_checkpoint_strategy" name="test_ts_strategy_does_not_construct_singleton_runtime" time="0.066" /><testcase classname="tests.test_ts_checkpoint_strategy" name="test_checkpoint_factory_requires_identity_for_ts_strategy" time="0.022" /><testcase classname="tests.test_ts_checkpoint_strategy" name="test_checkpoint_factory_allows_identity_for_ts_strategy" time="0.024" /><testcase classname="tests.unit.test_agent_runtime" name="test_goal_create_graph_pauses_for_approval_without_side_effects" time="0.045" /><testcase classname="tests.unit.test_agent_runtime" name="test_goal_create_graph_projects_supplied_read_only_context" time="0.047" /><testcase classname="tests.unit.test_agent_runtime" name="test_goal_create_graph_uses_goal_planning_service_when_provider_config_supplied" time="0.049" /><testcase classname="tests.unit.test_agent_runtime" name="test_goal_create_graph_pauses_for_clarification_when_input_is_too_brief" time="0.048" /><testcase classname="tests.unit.test_agent_runtime" name="test_goal_create_graph_resumes_from_clarification_to_approval" time="0.119" /><testcase classname="tests.unit.test_agent_runtime" name="test_goal_create_graph_rejects_non_clarify_decision_during_clarification" time="0.055" /><testcase classname="tests.unit.test_agent_runtime" name="test_goal_create_graph_rejects_clarify_decision_during_approval" time="0.055" /><testcase classname="tests.unit.test_agent_runtime" name="test_goal_create_graph_resumes_same_thread_and_pauses_for_external_execution" time="0.055" /><testcase classname="tests.unit.test_agent_runtime" name="test_goal_create_graph_completes_after_ts_executor_results_are_resumed" time="0.063" /><testcase classname="tests.unit.test_agent_runtime" name="test_goal_create_graph_projects_execution_timeline_and_recovery_artifact" time="0.061" /><testcase classname="tests.unit.test_agent_runtime" name="test_goal_create_graph_retries_failed_execution_with_same_approved_plan" time="0.073" /><testcase classname="tests.unit.test_agent_runtime" name="test_goal_create_file_checkpoint_restores_failed_result_and_retry" time="0.140" /><testcase classname="tests.unit.test_agent_runtime" name="test_goal_create_file_run_history_restores_recent_run_list" time="0.172" /><testcase classname="tests.unit.test_agent_runtime" name="test_agent_run_history_store_loads_metadata_only_manifest" time="0.006" /><testcase classname="tests.unit.test_agent_runtime" name="test_agent_run_history_store_quarantines_invalid_manifest" time="0.005" /><testcase classname="tests.unit.test_agent_runtime" name="test_file_backed_checkpoint_quarantines_invalid_pickle" time="0.005" /><testcase classname="tests.unit.test_agent_runtime" name="test_goal_create_snapshot_uses_memory_checkpoint_by_thread_id" time="0.048" /><testcase classname="tests.unit.test_agent_runtime" name="test_agent_runtime_lists_runs_for_identity_and_active_statuses" time="0.090" /><testcase classname="tests.unit.test_agent_runtime" name="test_goal_create_resume_cancel_does_not_execute_side_effects" time="0.052" /><testcase classname="tests.unit.test_agent_runtime" name="test_knowledge_qa_graph_completes_with_grounded_answer_artifact" time="0.020" /><testcase classname="tests.unit.test_agent_runtime" name="test_knowledge_qa_graph_marks_insufficient_evidence_without_citations" time="0.016" /><testcase classname="tests.unit.test_agent_runtime" name="test_agent_node_completed_events_include_duration_ms" time="0.017" /><testcase classname="tests.unit.test_agent_runtime" name="test_knowledge_qa_snapshot_uses_memory_checkpoint_by_thread_id" time="0.019" /><testcase classname="tests.unit.test_agent_runtime" name="test_knowledge_qa_file_run_history_restores_recent_run_list" time="0.065" /><testcase classname="tests.unit.test_agent_runtime" name="test_knowledge_generate_graph_completes_with_note_draft_artifact" time="0.031" /><testcase classname="tests.unit.test_agent_runtime" name="test_knowledge_generate_graph_resumes_to_execution_and_result" time="0.040" /><testcase classname="tests.unit.test_agent_runtime" name="test_knowledge_generate_graph_retries_failed_execution_with_same_approved_plan" time="0.044" /><testcase classname="tests.unit.test_agent_runtime" name="test_knowledge_generate_file_checkpoint_restores_failed_result_and_retry" time="0.115" /><testcase classname="tests.unit.test_agent_runtime" name="test_knowledge_generate_file_run_history_restores_recent_run_list" time="0.099" /><testcase classname="tests.unit.test_agent_runtime" name="test_knowledge_generate_graph_uses_topic_as_default_title" time="0.033" /><testcase classname="tests.unit.test_agent_runtime" name="test_knowledge_generate_snapshot_uses_memory_checkpoint_by_thread_id" time="0.031" /><testcase classname="tests.unit.test_agent_schemas" name="test_agent_action_plan_uses_confirmation_first_side_effect_shape" time="0.004" /><testcase classname="tests.unit.test_agent_schemas" name="test_agent_state_accepts_knowledge_answer_artifact_with_citation" time="0.004" /><testcase classname="tests.unit.test_agent_schemas" name="test_agent_event_rejects_unknown_event_type" time="0.003" /><testcase classname="tests.unit.test_agent_schemas" name="test_agent_resume_payload_carries_approved_plan" time="0.004" /><testcase classname="tests.unit.test_agent_schemas" name="test_agent_resume_payload_carries_clarification_answers" time="0.004" /><testcase classname="tests.unit.test_agent_schemas" name="test_reminder_draft_defaults_and_serializes_time_of_day" time="0.004" /><testcase classname="tests.unit.test_agent_schemas" name="test_reminder_draft_rejects_invalid_time_of_day" time="0.003" /><testcase classname="tests.unit.test_agent_schemas" name="test_agent_resume_payload_carries_external_execution_results" time="0.003" /><testcase classname="tests.unit.test_agent_schemas" name="test_agent_event_accepts_external_execution_required_event" time="0.003" /><testcase classname="tests.unit.test_agent_schemas" name="test_agent_event_accepts_clarification_required_event" time="0.003" /><testcase classname="tests.unit.test_analytics_workflow_handler" name="test_can_handle" time="0.004" /><testcase classname="tests.unit.test_analytics_workflow_handler" name="test_analytics_handler_executes_query" time="0.007" /><testcase classname="tests.unit.test_goal_automation_workflow_handler" name="test_can_handle" time="0.005" /><testcase classname="tests.unit.test_goal_automation_workflow_handler" name="test_goal_automation_handler_executes_plan" time="0.010" /><testcase classname="tests.unit.test_goal_workflow_handler" name="test_can_handle" time="0.006" /><testcase classname="tests.unit.test_goal_workflow_handler" name="test_goal_handler_clarification_flow" time="0.008" /><testcase classname="tests.unit.test_knowledge_expand_workflow_handler" name="test_can_handle" time="0.005" /><testcase classname="tests.unit.test_knowledge_expand_workflow_handler" name="test_knowledge_expand_handler_executes_expand" time="0.007" /><testcase classname="tests.unit.test_knowledge_generate_enhancements" name="test_knowledge_generate_with_provider_backed_generation" time="0.028" /><testcase classname="tests.unit.test_knowledge_generate_enhancements" name="test_knowledge_generate_with_real_search_integration" time="0.027" /><testcase classname="tests.unit.test_knowledge_generate_enhancements" name="test_knowledge_generate_duplicate_risk_assessment" time="0.029" /><testcase classname="tests.unit.test_knowledge_generate_enhancements" name="test_knowledge_generate_duplicate_risk_none_when_no_matches" time="0.028" /><testcase classname="tests.unit.test_knowledge_generate_enhancements" name="test_knowledge_generate_fallback_to_template_on_empty_generation" time="0.028" /><testcase classname="tests.unit.test_knowledge_generate_enhancements" name="test_knowledge_generate_passes_provider_config_to_generator" time="0.027" /><testcase classname="tests.unit.test_knowledge_index_workflow_handler" name="test_can_handle" time="0.004" /><testcase classname="tests.unit.test_knowledge_index_workflow_handler" name="test_knowledge_index_handler_executes_index" time="0.007" /><testcase classname="tests.unit.test_knowledge_note_workflow_handler" name="test_can_handle" time="0.004" /><testcase classname="tests.unit.test_knowledge_note_workflow_handler" name="test_knowledge_note_handler_executes_generate" time="0.010" /><testcase classname="tests.unit.test_knowledge_workflow_handler" name="test_can_handle" time="0.004" /><testcase classname="tests.unit.test_knowledge_workflow_handler" name="test_knowledge_handler_executes_query" time="0.008" /><testcase classname="tests.unit.test_tool_registry" name="test_tool_registry_registration" time="0.004" /><testcase classname="tests.unit.test_tool_registry" name="test_tool_registry_side_effect_validation" time="0.004" /><testcase classname="tests.unit.test_tool_registry" name="test_get_nonexistent_tool" time="0.003" /><testcase classname="tests.unit.test_workflow_orchestrator" name="test_orchestrator_routing" time="0.006" /><testcase classname="tests.unit.test_workflow_orchestrator" name="test_orchestrator_uses_first_matching_handler" time="0.006" /><testcase classname="tests.unit.test_workflow_orchestrator" name="test_orchestrator_bubbles_handler_errors" time="0.006" /><testcase classname="tests.unit.test_workflow_orchestrator" name="test_orchestrator_no_handler" time="0.007" /></testsuite></testsuites>