<?xml version="1.0" encoding="utf-8"?><testsuites name="pytest tests"><testsuite name="pytest" errors="0" failures="0" skipped="0" tests="28" time="12.822" timestamp="2026-04-27T08:54:45.257551+01:00" hostname="forest"><testcase classname="tests.test_analytics_query.TestAnalyticsQueryRoute" name="test_query_analytics_success" time="0.769" /><testcase classname="tests.test_chat.TestChatComplete" name="test_chat_complete_missing_auth_returns_401" time="0.252" /><testcase classname="tests.test_chat.TestChatComplete" name="test_chat_complete_invalid_provider" time="0.365" /><testcase classname="tests.test_chat.TestChatComplete" name="test_chat_complete_rejects_stale_timestamp" time="0.260" /><testcase classname="tests.test_chat.TestChatComplete" name="test_chat_complete_rejects_body_hash_mismatch" time="0.193" /><testcase classname="tests.test_chat.TestChatComplete" name="test_chat_complete_success" time="0.235" /><testcase classname="tests.test_chat.TestChatStream" name="test_chat_stream_success" time="0.368" /><testcase classname="tests.test_chat.TestChatStream" name="test_chat_stream_with_auth_headers" time="0.330" /><testcase classname="tests.test_chat.TestChatService" name="test_get_provider_openai" time="0.098" /><testcase classname="tests.test_chat.TestChatService" name="test_get_provider_anthropic" time="0.093" /><testcase classname="tests.test_chat.TestChatService" name="test_get_provider_case_insensitive" time="0.126" /><testcase classname="tests.test_chat.TestChatService" name="test_get_provider_unknown_raises" time="0.080" /><testcase classname="tests.test_eval_runner" name="test_eval_runner_passes_bundled_regression_cases" time="0.083" /><testcase classname="tests.test_eval_runner" name="test_eval_quality_gate_flags_score_regression" time="0.045" /><testcase classname="tests.test_eval_runner" name="test_eval_runner_supports_live_mode_with_stubbed_provider_responses" time="0.065" /><testcase classname="tests.test_goal_automation.TestGoalAutomationRoute" name="test_plan_goal_actions_success" time="0.295" /><testcase classname="tests.test_goal_automation.TestGoalAutomationService" name="test_invalid_json_raises_structured_output_error" time="0.035" /><testcase classname="tests.test_goal_planning.TestGoalPlanningRoute" name="test_plan_goal_success" time="0.293" /><testcase classname="tests.test_goal_planning.TestGoalPlanningService" name="test_invalid_json_raises_structured_output_error" time="0.027" /><testcase classname="tests.test_health" name="test_health_check" time="0.348" /><testcase classname="tests.test_health" name="test_health_check_no_auth_required" time="0.222" /><testcase classname="tests.test_knowledge_note.TestKnowledgeNoteRoute" name="test_generate_note_success" time="0.388" /><testcase classname="tests.test_knowledge_query.TestKnowledgeIndexRoute" name="test_index_resource_success" time="0.288" /><testcase classname="tests.test_knowledge_query.TestKnowledgeQueryRoute" name="test_query_knowledge_success" time="0.417" /><testcase classname="tests.test_knowledge_query.TestKnowledgeQueryRoute" name="test_expand_knowledge_success" time="0.265" /><testcase classname="tests.test_knowledge_query" name="test_hybrid_retrieval_scores_semantically_related_content" time="0.041" /><testcase classname="tests.test_knowledge_query" name="test_provider_embeddings_override_local_vectors_when_available" time="0.039" /><testcase classname="tests.test_knowledge_query" name="test_query_uses_provider_embeddings_when_indexed_vectors_are_provider_sized" time="0.046" /></testsuite></testsuites>