<?xml version="1.0" encoding="utf-8"?><testsuites name="pytest tests"><testsuite name="pytest" errors="0" failures="0" skipped="0" tests="11" time="0.296" timestamp="2026-03-24T12:56:19.989686+08:00" hostname="forest"><testcase classname="tests.test_chat.TestChatComplete" name="test_chat_complete_missing_auth_returns_401" time="0.012" /><testcase classname="tests.test_chat.TestChatComplete" name="test_chat_complete_invalid_provider" time="0.018" /><testcase classname="tests.test_chat.TestChatComplete" name="test_chat_complete_success" time="0.012" /><testcase classname="tests.test_chat.TestChatStream" name="test_chat_stream_success" time="0.015" /><testcase classname="tests.test_chat.TestChatStream" name="test_chat_stream_with_auth_headers" time="0.014" /><testcase classname="tests.test_chat.TestChatService" name="test_get_provider_openai" time="0.001" /><testcase classname="tests.test_chat.TestChatService" name="test_get_provider_anthropic" time="0.001" /><testcase classname="tests.test_chat.TestChatService" name="test_get_provider_case_insensitive" time="0.001" /><testcase classname="tests.test_chat.TestChatService" name="test_get_provider_unknown_raises" time="0.001" /><testcase classname="tests.test_health" name="test_health_check" time="0.011" /><testcase classname="tests.test_health" name="test_health_check_no_auth_required" time="0.017" /></testsuite></testsuites>